<?xml version="1.0" encoding="UTF-8"?>
<robot generator="Robot 6.0.1 (Python 3.10.0 on win32)" generated="20240517 15:37:36.096" rpa="false" schemaversion="3">
<suite id="s1" name="Tc Shopping Carts Scripts" source="C:\Users\GodBoss\Desktop\demo-robotframework\test-project-web-robotframework\testscripts\tc_shopping_carts_scripts.robot">
<test id="s1-t1" name="SHP-0001 FE shopping car" line="6">
<kw name="ดึงข้อมูลที่ใช้ทดสอบจาก Excel (Test data)" library="common">
<var>${tc_id}</var>
<var>${td_id}</var>
<var>${bookname_1}</var>
<var>${bookname_qty_1}</var>
<var>${bookname_2}</var>
<var>${bookname_qty_2}</var>
<arg>row_index=5</arg>
<kw name="Open Excel Document" library="ExcelLibrary">
<arg>filename=${EXECDIR}\\Test-project-web-robotframework\\resouces\\testdata\\testdata_shp.xlsx</arg>
<arg>doc_id=td_shopping_cart</arg>
<doc>Opens xlsx document file.</doc>
<status status="PASS" starttime="20240517 15:37:37.613" endtime="20240517 15:37:37.658"/>
</kw>
<kw name="Read Excel Cell" library="ExcelLibrary">
<var>${tc_id}</var>
<arg>row_num=${row_index}</arg>
<arg>col_num=1</arg>
<doc>Returns content of a cell.</doc>
<msg timestamp="20240517 15:37:37.660" level="INFO">${tc_id} = SHP-0001

FE
shopping car</msg>
<status status="PASS" starttime="20240517 15:37:37.659" endtime="20240517 15:37:37.660"/>
</kw>
<kw name="Read Excel Cell" library="ExcelLibrary">
<var>${td_id}</var>
<arg>row_num=${row_index}</arg>
<arg>col_num=2</arg>
<doc>Returns content of a cell.</doc>
<msg timestamp="20240517 15:37:37.662" level="INFO">${td_id} = SHP-0001-TD-001</msg>
<status status="PASS" starttime="20240517 15:37:37.661" endtime="20240517 15:37:37.662"/>
</kw>
<kw name="Read Excel Cell" library="ExcelLibrary">
<var>${bookname_1}</var>
<arg>row_num=${row_index}</arg>
<arg>col_num=3</arg>
<doc>Returns content of a cell.</doc>
<msg timestamp="20240517 15:37:37.664" level="INFO">${bookname_1} = BLEACH เทพมรณะ เล่ม 20</msg>
<status status="PASS" starttime="20240517 15:37:37.663" endtime="20240517 15:37:37.664"/>
</kw>
<kw name="Read Excel Cell" library="ExcelLibrary">
<var>${bookname_qty_1}</var>
<arg>row_num=${row_index}</arg>
<arg>col_num=4</arg>
<doc>Returns content of a cell.</doc>
<msg timestamp="20240517 15:37:37.666" level="INFO">${bookname_qty_1} = 2</msg>
<status status="PASS" starttime="20240517 15:37:37.664" endtime="20240517 15:37:37.666"/>
</kw>
<kw name="Read Excel Cell" library="ExcelLibrary">
<var>${bookname_2}</var>
<arg>row_num=${row_index}</arg>
<arg>col_num=5</arg>
<doc>Returns content of a cell.</doc>
<msg timestamp="20240517 15:37:37.667" level="INFO">${bookname_2} = BLEACH เทพมรณะ เล่ม 67</msg>
<status status="PASS" starttime="20240517 15:37:37.666" endtime="20240517 15:37:37.667"/>
</kw>
<kw name="Read Excel Cell" library="ExcelLibrary">
<var>${bookname_qty_2}</var>
<arg>row_num=${row_index}</arg>
<arg>col_num=6</arg>
<doc>Returns content of a cell.</doc>
<msg timestamp="20240517 15:37:37.669" level="INFO">${bookname_qty_2} = 1</msg>
<status status="PASS" starttime="20240517 15:37:37.668" endtime="20240517 15:37:37.669"/>
</kw>
<kw name="Close All Excel Documents" library="ExcelLibrary">
<doc>Closes all opened documents.</doc>
<status status="PASS" starttime="20240517 15:37:37.669" endtime="20240517 15:37:37.670"/>
</kw>
<msg timestamp="20240517 15:37:37.671" level="INFO">${tc_id} = SHP-0001

FE
shopping car</msg>
<msg timestamp="20240517 15:37:37.671" level="INFO">${td_id} = SHP-0001-TD-001</msg>
<msg timestamp="20240517 15:37:37.671" level="INFO">${bookname_1} = BLEACH เทพมรณะ เล่ม 20</msg>
<msg timestamp="20240517 15:37:37.671" level="INFO">${bookname_qty_1} = 2</msg>
<msg timestamp="20240517 15:37:37.671" level="INFO">${bookname_2} = BLEACH เทพมรณะ เล่ม 67</msg>
<msg timestamp="20240517 15:37:37.672" level="INFO">${bookname_qty_2} = 1</msg>
<status status="PASS" starttime="20240517 15:37:37.613" endtime="20240517 15:37:37.672"/>
</kw>
<kw name="Open website nejavu.com" library="common">
<kw name="Open Browser" library="SeleniumLibrary">
<arg>url=${url}</arg>
<arg>browser=${browser}</arg>
<doc>Opens a new browser instance to the optional ``url``.</doc>
<msg timestamp="20240517 15:37:37.676" level="INFO">Opening browser 'gc' to base url 'https://www.nejavu.com/'.</msg>
<status status="PASS" starttime="20240517 15:37:37.674" endtime="20240517 15:37:42.880"/>
</kw>
<kw name="Maximize Browser Window" library="SeleniumLibrary">
<doc>Maximizes current browser window.</doc>
<status status="PASS" starttime="20240517 15:37:42.880" endtime="20240517 15:37:43.027"/>
</kw>
<status status="PASS" starttime="20240517 15:37:37.672" endtime="20240517 15:37:43.027"/>
</kw>
<kw name="Display logo home page (ควรเข้ามายังหน้า website ได้สำเร็จและแสดงผลหน้าแรกอย่างถูกต้อง)" library="main_header_page">
<kw name="Wait Until Element Is Visible" library="SeleniumLibrary">
<arg>${header.home_logo}</arg>
<arg>${timeout}</arg>
<doc>Waits until the element ``locator`` is visible.</doc>
<status status="PASS" starttime="20240517 15:37:43.030" endtime="20240517 15:37:43.396"/>
</kw>
<status status="PASS" starttime="20240517 15:37:43.028" endtime="20240517 15:37:43.397"/>
</kw>
<kw name="When opening web first close popup automatically" library="common">
<arg>${pop_frist_open_web.locator}</arg>
<kw name="Wait Until Element Is Visible" library="SeleniumLibrary">
<arg>${locator}</arg>
<arg>${timeout}</arg>
<doc>Waits until the element ``locator`` is visible.</doc>
<status status="PASS" starttime="20240517 15:37:43.399" endtime="20240517 15:37:43.447"/>
</kw>
<kw name="Click Element" library="SeleniumLibrary">
<arg>${locator}</arg>
<doc>Click the element identified by ``locator``.</doc>
<msg timestamp="20240517 15:37:43.448" level="INFO">Clicking element 'xpath=//a[@class='close-modal']'.</msg>
<status status="PASS" starttime="20240517 15:37:43.447" endtime="20240517 15:37:43.562"/>
</kw>
<kw name="Wait Until Element Is Not Visible" library="SeleniumLibrary">
<arg>${locator}</arg>
<arg>${timeout}</arg>
<doc>Waits until the element ``locator`` is not visible.</doc>
<status status="PASS" starttime="20240517 15:37:43.562" endtime="20240517 15:37:43.605"/>
</kw>
<status status="PASS" starttime="20240517 15:37:43.398" endtime="20240517 15:37:43.605"/>
</kw>
<kw name="Accept cokkie" library="common">
<arg>locator=${test_cookie}</arg>
<arg>text_btn=${text_btn_box_cookie_01}</arg>
<kw name="Wait Until Element Is Not Visible" library="SeleniumLibrary">
<arg>${pop_frist.locator}</arg>
<arg>${timeout}</arg>
<doc>Waits until the element ``locator`` is not visible.</doc>
<status status="PASS" starttime="20240517 15:37:43.607" endtime="20240517 15:37:44.367"/>
</kw>
<kw name="Replace String" library="String">
<var>${btn_accept}</var>
<arg>${btn_box_cookie}</arg>
<arg>$text</arg>
<arg>${text_btn}</arg>
<doc>Replaces ``search_for`` in the given ``string`` with ``replace_with``.</doc>
<msg timestamp="20240517 15:37:44.368" level="INFO">${btn_accept} = xpath=//div[@class='p-2 df aic']/../..//a[text()='ยอมรับ']</msg>
<status status="PASS" starttime="20240517 15:37:44.368" endtime="20240517 15:37:44.368"/>
</kw>
<kw name="Click Element" library="SeleniumLibrary">
<arg>${btn_accept}</arg>
<doc>Click the element identified by ``locator``.</doc>
<msg timestamp="20240517 15:37:44.370" level="INFO">Clicking element 'xpath=//div[@class='p-2 df aic']/../..//a[text()='ยอมรับ']'.</msg>
<status status="PASS" starttime="20240517 15:37:44.369" endtime="20240517 15:37:44.465"/>
</kw>
<kw name="Wait Until Element Is Not Visible" library="SeleniumLibrary">
<arg>${test_cookie}</arg>
<arg>${timeout}</arg>
<doc>Waits until the element ``locator`` is not visible.</doc>
<status status="PASS" starttime="20240517 15:37:44.465" endtime="20240517 15:37:45.864"/>
</kw>
<status status="PASS" starttime="20240517 15:37:43.605" endtime="20240517 15:37:45.865"/>
</kw>
<kw name="Enter the name of the book and press search (กรอกชื่อหนังสือและกดค้นหา)" library="main_header_page">
<arg>book_name=${set_text_search_01}</arg>
<kw name="Input text element when read" library="common">
<arg>${header.search_box}</arg>
<arg>${book_name}</arg>
<kw name="Input Text" library="SeleniumLibrary">
<arg>${locator}</arg>
<arg>${text_inpt}</arg>
<doc>Types the given ``text`` into the text field identified by ``locator``.</doc>
<msg timestamp="20240517 15:37:45.869" level="INFO">Typing text 'BLEACH เทพมรณะ' into text field 'id=search-dropdown'.</msg>
<status status="PASS" starttime="20240517 15:37:45.868" endtime="20240517 15:37:46.083"/>
</kw>
<status status="PASS" starttime="20240517 15:37:45.867" endtime="20240517 15:37:46.084"/>
</kw>
<kw name="Wait Until Element Is Visible" library="SeleniumLibrary">
<arg>${header.search_box_button}</arg>
<arg>${timeout}</arg>
<doc>Waits until the element ``locator`` is visible.</doc>
<status status="PASS" starttime="20240517 15:37:46.085" endtime="20240517 15:37:46.124"/>
</kw>
<kw name="Click element when read" library="common">
<arg>${header.search_box_button}</arg>
<kw name="Wait Until Element Is Visible" library="SeleniumLibrary">
<arg>${locator}</arg>
<arg>${timeout}</arg>
<doc>Waits until the element ``locator`` is visible.</doc>
<status status="PASS" starttime="20240517 15:37:46.126" endtime="20240517 15:37:46.157"/>
</kw>
<kw name="Click Element" library="SeleniumLibrary">
<arg>${locator}</arg>
<doc>Click the element identified by ``locator``.</doc>
<msg timestamp="20240517 15:37:46.158" level="INFO">Clicking element 'xpath=//div[@class='df']//button[@type='submit']'.</msg>
<status status="PASS" starttime="20240517 15:37:46.157" endtime="20240517 15:37:48.522"/>
</kw>
<status status="PASS" starttime="20240517 15:37:46.125" endtime="20240517 15:37:48.522"/>
</kw>
<status status="PASS" starttime="20240517 15:37:45.865" endtime="20240517 15:37:48.523"/>
</kw>
<kw name="Book results page should be displayed (ควรแสดงหน้าผลลัพธ์หนังสือ)" library="book_cartoon_page">
<arg>book_name=${set_text_search_01}</arg>
<kw name="Wait Until Element Is Visible" library="SeleniumLibrary">
<arg>xpath=//span[contains(text(),': ${book_name}')]</arg>
<arg>timeout=${timeout}</arg>
<doc>Waits until the element ``locator`` is visible.</doc>
<status status="PASS" starttime="20240517 15:37:48.525" endtime="20240517 15:37:48.566"/>
</kw>
<kw name="Run Keyword And Continue On Failure" library="BuiltIn">
<arg>SeleniumLibrary.Page Should Contain Element</arg>
<arg>xpath=//span[contains(text(),': ${book_name}')]</arg>
<doc>Runs the keyword and continues execution even if a failure occurs.</doc>
<kw name="Page Should Contain Element" library="SeleniumLibrary">
<arg>xpath=//span[contains(text(),': ${book_name}')]</arg>
<doc>Verifies that element ``locator`` is found on the current page.</doc>
<msg timestamp="20240517 15:37:48.582" level="INFO">Current page contains element 'xpath=//span[contains(text(),': BLEACH เทพมรณะ')]'.</msg>
<status status="PASS" starttime="20240517 15:37:48.567" endtime="20240517 15:37:48.583"/>
</kw>
<status status="PASS" starttime="20240517 15:37:48.566" endtime="20240517 15:37:48.583"/>
</kw>
<status status="PASS" starttime="20240517 15:37:48.524" endtime="20240517 15:37:48.583"/>
</kw>
<kw name="กดเพิ่มหนังสือใส่ตระกร้าจากหน้า (box card) โดยตรง" library="book_cartoon_page">
<arg>book_name=${bookname_1}</arg>
<kw name="Replace String" library="String">
<var>${add_to_cart_btn}</var>
<arg>${book_cartoon_locator.add_cart_btn}</arg>
<arg>$book_name</arg>
<arg>${book_name}</arg>
<doc>Replaces ``search_for`` in the given ``string`` with ``replace_with``.</doc>
<msg timestamp="20240517 15:37:48.585" level="INFO">${add_to_cart_btn} = xpath=//img[@alt='BLEACH เทพมรณะ เล่ม 20']/../../../../..//button[@id='quick-cart-button']</msg>
<status status="PASS" starttime="20240517 15:37:48.584" endtime="20240517 15:37:48.585"/>
</kw>
<kw name="Wait Until Element Is Visible" library="SeleniumLibrary">
<arg>${add_to_cart_btn}</arg>
<arg>${timeout}</arg>
<doc>Waits until the element ``locator`` is visible.</doc>
<status status="PASS" starttime="20240517 15:37:48.586" endtime="20240517 15:37:48.619"/>
</kw>
<kw name="Click element when read" library="common">
<arg>${add_to_cart_btn}</arg>
<kw name="Wait Until Element Is Visible" library="SeleniumLibrary">
<arg>${locator}</arg>
<arg>${timeout}</arg>
<doc>Waits until the element ``locator`` is visible.</doc>
<status status="PASS" starttime="20240517 15:37:48.620" endtime="20240517 15:37:48.665"/>
</kw>
<kw name="Click Element" library="SeleniumLibrary">
<arg>${locator}</arg>
<doc>Click the element identified by ``locator``.</doc>
<msg timestamp="20240517 15:37:48.666" level="INFO">Clicking element 'xpath=//img[@alt='BLEACH เทพมรณะ เล่ม 20']/../../../../..//button[@id='quick-cart-button']'.</msg>
<status status="PASS" starttime="20240517 15:37:48.665" endtime="20240517 15:37:48.845"/>
</kw>
<status status="PASS" starttime="20240517 15:37:48.619" endtime="20240517 15:37:48.846"/>
</kw>
<status status="PASS" starttime="20240517 15:37:48.583" endtime="20240517 15:37:48.846"/>
</kw>
<kw name="กดเพิ่มหนังสือใส่ตระกร้าจากหน้า (box card) โดยตรง" library="book_cartoon_page">
<arg>book_name=${bookname_2}</arg>
<kw name="Replace String" library="String">
<var>${add_to_cart_btn}</var>
<arg>${book_cartoon_locator.add_cart_btn}</arg>
<arg>$book_name</arg>
<arg>${book_name}</arg>
<doc>Replaces ``search_for`` in the given ``string`` with ``replace_with``.</doc>
<msg timestamp="20240517 15:37:48.850" level="INFO">${add_to_cart_btn} = xpath=//img[@alt='BLEACH เทพมรณะ เล่ม 67']/../../../../..//button[@id='quick-cart-button']</msg>
<status status="PASS" starttime="20240517 15:37:48.849" endtime="20240517 15:37:48.850"/>
</kw>
<kw name="Wait Until Element Is Visible" library="SeleniumLibrary">
<arg>${add_to_cart_btn}</arg>
<arg>${timeout}</arg>
<doc>Waits until the element ``locator`` is visible.</doc>
<status status="PASS" starttime="20240517 15:37:48.851" endtime="20240517 15:37:48.940"/>
</kw>
<kw name="Click element when read" library="common">
<arg>${add_to_cart_btn}</arg>
<kw name="Wait Until Element Is Visible" library="SeleniumLibrary">
<arg>${locator}</arg>
<arg>${timeout}</arg>
<doc>Waits until the element ``locator`` is visible.</doc>
<status status="PASS" starttime="20240517 15:37:48.942" endtime="20240517 15:37:48.985"/>
</kw>
<kw name="Click Element" library="SeleniumLibrary">
<arg>${locator}</arg>
<doc>Click the element identified by ``locator``.</doc>
<msg timestamp="20240517 15:37:48.987" level="INFO">Clicking element 'xpath=//img[@alt='BLEACH เทพมรณะ เล่ม 67']/../../../../..//button[@id='quick-cart-button']'.</msg>
<status status="PASS" starttime="20240517 15:37:48.985" endtime="20240517 15:37:49.134"/>
</kw>
<status status="PASS" starttime="20240517 15:37:48.940" endtime="20240517 15:37:49.134"/>
</kw>
<status status="PASS" starttime="20240517 15:37:48.847" endtime="20240517 15:37:49.135"/>
</kw>
<kw name="ตรวจสอบแสดง alert เมื่อเพิ่มสินค้าเข้าตะกร้าได้สำเร็จ" library="main_header_page">
<arg>${header.text_alert_add_to_cart_sucess}</arg>
<arg>${header.locator_alert_add_to_cart_sucess}</arg>
<kw name="Wait Until Element Is Visible" library="SeleniumLibrary">
<arg>${locator}</arg>
<arg>${timeout}</arg>
<doc>Waits until the element ``locator`` is visible.</doc>
<status status="PASS" starttime="20240517 15:37:49.136" endtime="20240517 15:37:49.204"/>
</kw>
<kw name="Get Text" library="SeleniumLibrary">
<var>${actual_result}</var>
<arg>${locator}</arg>
<doc>Returns the text value of the element identified by ``locator``.</doc>
<msg timestamp="20240517 15:37:49.282" level="INFO">${actual_result} = เพิ่มสินค้าในตระกร้าสำเร็จ</msg>
<status status="PASS" starttime="20240517 15:37:49.204" endtime="20240517 15:37:49.282"/>
</kw>
<kw name="Log" library="BuiltIn">
<arg>${actual_result}</arg>
<doc>Logs the given message with the given level.</doc>
<msg timestamp="20240517 15:37:49.284" level="INFO">เพิ่มสินค้าในตระกร้าสำเร็จ</msg>
<status status="PASS" starttime="20240517 15:37:49.283" endtime="20240517 15:37:49.284"/>
</kw>
<kw name="Should Be Equal As Strings" library="BuiltIn">
<arg>${actual_result}</arg>
<arg>${expec_text}</arg>
<doc>Fails if objects are unequal after converting them to strings.</doc>
<status status="PASS" starttime="20240517 15:37:49.284" endtime="20240517 15:37:49.285"/>
</kw>
<status status="PASS" starttime="20240517 15:37:49.135" endtime="20240517 15:37:49.286"/>
</kw>
<kw name="ตรวจสอบจำนวนหนังสือบนไอคอนรถเข็น" library="main_header_page">
<arg>expec_qty=${header.expect_qty_to_cart}</arg>
<arg>locator=${header.qty_on_cart}</arg>
<kw name="Wait Until Element Is Not Visible" library="SeleniumLibrary">
<arg>${header.locator_alert_add_to_cart_sucess}</arg>
<doc>Waits until the element ``locator`` is not visible.</doc>
<status status="PASS" starttime="20240517 15:37:49.288" endtime="20240517 15:37:51.290"/>
</kw>
<kw name="Wait Until Element Is Enabled" library="SeleniumLibrary">
<arg>${locator}</arg>
<doc>Waits until the element ``locator`` is enabled.</doc>
<status status="PASS" starttime="20240517 15:37:51.291" endtime="20240517 15:37:51.337"/>
</kw>
<kw name="Get Text" library="SeleniumLibrary">
<var>${actual_result}</var>
<arg>${locator}</arg>
<doc>Returns the text value of the element identified by ``locator``.</doc>
<msg timestamp="20240517 15:37:51.368" level="INFO">${actual_result} = 2</msg>
<status status="PASS" starttime="20240517 15:37:51.338" endtime="20240517 15:37:51.368"/>
</kw>
<kw name="Log" library="BuiltIn">
<arg>${actual_result}</arg>
<doc>Logs the given message with the given level.</doc>
<msg timestamp="20240517 15:37:51.369" level="INFO">2</msg>
<status status="PASS" starttime="20240517 15:37:51.368" endtime="20240517 15:37:51.369"/>
</kw>
<kw name="Should Be Equal As Strings" library="BuiltIn">
<arg>${actual_result}</arg>
<arg>${expec_qty}</arg>
<doc>Fails if objects are unequal after converting them to strings.</doc>
<status status="PASS" starttime="20240517 15:37:51.369" endtime="20240517 15:37:51.370"/>
</kw>
<status status="PASS" starttime="20240517 15:37:49.286" endtime="20240517 15:37:51.371"/>
</kw>
<kw name="กดไปยังหน้าตระกร้าสินค้าได้สำเร็จ" library="main_header_page">
<arg>locator=${header.icon_cart_btn}</arg>
<kw name="Wait Until Element Is Not Visible" library="SeleniumLibrary">
<arg>${header.locator_alert_add_to_cart_sucess}</arg>
<doc>Waits until the element ``locator`` is not visible.</doc>
<status status="PASS" starttime="20240517 15:37:51.372" endtime="20240517 15:37:51.389"/>
</kw>
<kw name="Wait Until Element Is Visible" library="SeleniumLibrary">
<arg>${locator}</arg>
<arg>${timeout}</arg>
<doc>Waits until the element ``locator`` is visible.</doc>
<status status="PASS" starttime="20240517 15:37:51.390" endtime="20240517 15:37:51.425"/>
</kw>
<kw name="Click element when read" library="common">
<arg>${locator}</arg>
<kw name="Wait Until Element Is Visible" library="SeleniumLibrary">
<arg>${locator}</arg>
<arg>${timeout}</arg>
<doc>Waits until the element ``locator`` is visible.</doc>
<status status="PASS" starttime="20240517 15:37:51.426" endtime="20240517 15:37:51.451"/>
</kw>
<kw name="Click Element" library="SeleniumLibrary">
<arg>${locator}</arg>
<doc>Click the element identified by ``locator``.</doc>
<msg timestamp="20240517 15:37:51.453" level="INFO">Clicking element 'xpath=//a[@href='https://www.nejavu.com/cart']//img[@class='lozad']'.</msg>
<status status="PASS" starttime="20240517 15:37:51.452" endtime="20240517 15:37:54.366"/>
</kw>
<status status="PASS" starttime="20240517 15:37:51.425" endtime="20240517 15:37:54.367"/>
</kw>
<kw name="Element Should Be Visible" library="SeleniumLibrary">
<arg>${shopping_cart_locator_page}</arg>
<doc>Verifies that the element identified by ``locator`` is visible.</doc>
<msg timestamp="20240517 15:37:54.407" level="INFO">Element 'xpath=//div[@class='mt-8 mb-4 df jcsb aic']//strong' is displayed.</msg>
<status status="PASS" starttime="20240517 15:37:54.367" endtime="20240517 15:37:54.407"/>
</kw>
<kw name="Get Text" library="SeleniumLibrary">
<var>${text_page_cart}</var>
<arg>${shopping_cart_locator_page}</arg>
<doc>Returns the text value of the element identified by ``locator``.</doc>
<msg timestamp="20240517 15:37:54.440" level="INFO">${text_page_cart} = ตะกร้าของฉัน</msg>
<status status="PASS" starttime="20240517 15:37:54.407" endtime="20240517 15:37:54.440"/>
</kw>
<kw name="Should Be Equal As Strings" library="BuiltIn">
<arg>${text_page_cart}</arg>
<arg>ตะกร้าของฉัน</arg>
<doc>Fails if objects are unequal after converting them to strings.</doc>
<status status="PASS" starttime="20240517 15:37:54.441" endtime="20240517 15:37:54.442"/>
</kw>
<status status="PASS" starttime="20240517 15:37:51.372" endtime="20240517 15:37:54.442"/>
</kw>
<kw name="ตรวจสอบหน้าตระกร้าสินค้าว่าชื่อหนังสือถูกเพิ่มเข้ามาแล้ว" library="shopping_carts_page">
<arg>book_name=${bookname_1}</arg>
<kw name="Replace String" library="String">
<var>${product_book_name}</var>
<arg>${shopping_cart_locator.product_book_name}</arg>
<arg>$book_name</arg>
<arg>${book_name}</arg>
<doc>Replaces ``search_for`` in the given ``string`` with ``replace_with``.</doc>
<msg timestamp="20240517 15:37:54.444" level="INFO">${product_book_name} = xpath=//*[contains(text(),'BLEACH เทพมรณะ เล่ม 20')]//ancestor::div[@class='cart-item-detail']//p//strong</msg>
<status status="PASS" starttime="20240517 15:37:54.443" endtime="20240517 15:37:54.444"/>
</kw>
<kw name="Wait Until Element Is Visible" library="SeleniumLibrary">
<arg>${product_book_name}</arg>
<arg>${timeout}</arg>
<doc>Waits until the element ``locator`` is visible.</doc>
<status status="PASS" starttime="20240517 15:37:54.444" endtime="20240517 15:37:54.481"/>
</kw>
<kw name="Element Text Should Be" library="SeleniumLibrary">
<arg>locator= ${product_book_name}</arg>
<arg>expected=${book_name}</arg>
<doc>Verifies that element ``locator`` contains exact the text ``expected``.</doc>
<msg timestamp="20240517 15:37:54.484" level="INFO">Verifying element ' xpath=//*[contains(text(),'BLEACH เทพมรณะ เล่ม 20')]//ancestor::div[@class='cart-item-detail']//p//strong' contains exact text 'BLEACH เทพมรณะ เล่ม 20'.</msg>
<status status="PASS" starttime="20240517 15:37:54.482" endtime="20240517 15:37:54.509"/>
</kw>
<status status="PASS" starttime="20240517 15:37:54.442" endtime="20240517 15:37:54.509"/>
</kw>
<kw name="ตรวจสอบหน้าตระกร้าสินค้าว่าชื่อหนังสือถูกเพิ่มเข้ามาแล้ว" library="shopping_carts_page">
<arg>book_name=${bookname_2}</arg>
<kw name="Replace String" library="String">
<var>${product_book_name}</var>
<arg>${shopping_cart_locator.product_book_name}</arg>
<arg>$book_name</arg>
<arg>${book_name}</arg>
<doc>Replaces ``search_for`` in the given ``string`` with ``replace_with``.</doc>
<msg timestamp="20240517 15:37:54.511" level="INFO">${product_book_name} = xpath=//*[contains(text(),'BLEACH เทพมรณะ เล่ม 67')]//ancestor::div[@class='cart-item-detail']//p//strong</msg>
<status status="PASS" starttime="20240517 15:37:54.510" endtime="20240517 15:37:54.511"/>
</kw>
<kw name="Wait Until Element Is Visible" library="SeleniumLibrary">
<arg>${product_book_name}</arg>
<arg>${timeout}</arg>
<doc>Waits until the element ``locator`` is visible.</doc>
<status status="PASS" starttime="20240517 15:37:54.512" endtime="20240517 15:37:54.545"/>
</kw>
<kw name="Element Text Should Be" library="SeleniumLibrary">
<arg>locator= ${product_book_name}</arg>
<arg>expected=${book_name}</arg>
<doc>Verifies that element ``locator`` contains exact the text ``expected``.</doc>
<msg timestamp="20240517 15:37:54.548" level="INFO">Verifying element ' xpath=//*[contains(text(),'BLEACH เทพมรณะ เล่ม 67')]//ancestor::div[@class='cart-item-detail']//p//strong' contains exact text 'BLEACH เทพมรณะ เล่ม 67'.</msg>
<status status="PASS" starttime="20240517 15:37:54.545" endtime="20240517 15:37:54.580"/>
</kw>
<status status="PASS" starttime="20240517 15:37:54.509" endtime="20240517 15:37:54.580"/>
</kw>
<kw name="กดเพิ่มจำนวนหนังสือในตระกร้า" library="shopping_carts_page">
<arg>book_name=${bookname_1}</arg>
<kw name="Replace String" library="String">
<var>${product_book_name_qty}</var>
<arg>${shopping_cart_locator.product_add_qty_book}</arg>
<arg>$book_name</arg>
<arg>${book_name}</arg>
<doc>Replaces ``search_for`` in the given ``string`` with ``replace_with``.</doc>
<msg timestamp="20240517 15:37:54.582" level="INFO">${product_book_name_qty} = xpath=//strong[text()='BLEACH เทพมรณะ เล่ม 20']/../../../../..//button[@id='add']</msg>
<status status="PASS" starttime="20240517 15:37:54.582" endtime="20240517 15:37:54.582"/>
</kw>
<kw name="Wait Until Element Is Visible" library="SeleniumLibrary">
<arg>${product_book_name_qty}</arg>
<arg>${timeout}</arg>
<doc>Waits until the element ``locator`` is visible.</doc>
<status status="PASS" starttime="20240517 15:37:54.583" endtime="20240517 15:37:54.624"/>
</kw>
<kw name="Click Element" library="SeleniumLibrary">
<arg>${product_book_name_qty}</arg>
<doc>Click the element identified by ``locator``.</doc>
<msg timestamp="20240517 15:37:54.627" level="INFO">Clicking element 'xpath=//strong[text()='BLEACH เทพมรณะ เล่ม 20']/../../../../..//button[@id='add']'.</msg>
<status status="PASS" starttime="20240517 15:37:54.625" endtime="20240517 15:37:54.716"/>
</kw>
<status status="PASS" starttime="20240517 15:37:54.581" endtime="20240517 15:37:54.717"/>
</kw>
<kw name="ตรวจสอบ value จำนวนหนังสือ" library="shopping_carts_page">
<arg>book_name=${bookname_1}</arg>
<arg>qty=${bookname_qty_1}</arg>
<kw name="Replace String" library="String">
<var>${product_book_name_qty}</var>
<arg>${shopping_cart_locator.get_value_qty_book}</arg>
<arg>$book_name</arg>
<arg>${book_name}</arg>
<doc>Replaces ``search_for`` in the given ``string`` with ``replace_with``.</doc>
<msg timestamp="20240517 15:37:54.719" level="INFO">${product_book_name_qty} = xpath=//strong[text()='BLEACH เทพมรณะ เล่ม 20']/../../../../..//input[@name='product_quantity']</msg>
<status status="PASS" starttime="20240517 15:37:54.719" endtime="20240517 15:37:54.719"/>
</kw>
<kw name="Get Value" library="SeleniumLibrary">
<var>${get_value_qty_book_name}</var>
<arg>${product_book_name_qty}</arg>
<doc>Returns the value attribute of the element identified by ``locator``.</doc>
<msg timestamp="20240517 15:37:54.751" level="INFO">${get_value_qty_book_name} = 2</msg>
<status status="PASS" starttime="20240517 15:37:54.720" endtime="20240517 15:37:54.752"/>
</kw>
<kw name="Convert To String" library="BuiltIn">
<var>${product_book_name_qty}</var>
<arg>${get_value_qty_book_name}</arg>
<doc>Converts the given item to a Unicode string.</doc>
<msg timestamp="20240517 15:37:54.752" level="INFO">${product_book_name_qty} = 2</msg>
<status status="PASS" starttime="20240517 15:37:54.752" endtime="20240517 15:37:54.752"/>
</kw>
<kw name="Should Be Equal As Strings" library="BuiltIn">
<arg>${product_book_name_qty}</arg>
<arg>${qty}</arg>
<doc>Fails if objects are unequal after converting them to strings.</doc>
<msg timestamp="20240517 15:37:54.753" level="INFO">Argument types are:
&lt;class 'str'&gt;
&lt;class 'int'&gt;</msg>
<status status="PASS" starttime="20240517 15:37:54.753" endtime="20240517 15:37:54.753"/>
</kw>
<status status="PASS" starttime="20240517 15:37:54.717" endtime="20240517 15:37:54.753"/>
</kw>
<kw name="ตรวจสอบ value จำนวนหนังสือ" library="shopping_carts_page">
<arg>book_name=${bookname_2}</arg>
<arg>qty=${bookname_qty_2}</arg>
<kw name="Replace String" library="String">
<var>${product_book_name_qty}</var>
<arg>${shopping_cart_locator.get_value_qty_book}</arg>
<arg>$book_name</arg>
<arg>${book_name}</arg>
<doc>Replaces ``search_for`` in the given ``string`` with ``replace_with``.</doc>
<msg timestamp="20240517 15:37:54.756" level="INFO">${product_book_name_qty} = xpath=//strong[text()='BLEACH เทพมรณะ เล่ม 67']/../../../../..//input[@name='product_quantity']</msg>
<status status="PASS" starttime="20240517 15:37:54.755" endtime="20240517 15:37:54.756"/>
</kw>
<kw name="Get Value" library="SeleniumLibrary">
<var>${get_value_qty_book_name}</var>
<arg>${product_book_name_qty}</arg>
<doc>Returns the value attribute of the element identified by ``locator``.</doc>
<msg timestamp="20240517 15:37:54.784" level="INFO">${get_value_qty_book_name} = 1</msg>
<status status="PASS" starttime="20240517 15:37:54.756" endtime="20240517 15:37:54.784"/>
</kw>
<kw name="Convert To String" library="BuiltIn">
<var>${product_book_name_qty}</var>
<arg>${get_value_qty_book_name}</arg>
<doc>Converts the given item to a Unicode string.</doc>
<msg timestamp="20240517 15:37:54.785" level="INFO">${product_book_name_qty} = 1</msg>
<status status="PASS" starttime="20240517 15:37:54.785" endtime="20240517 15:37:54.785"/>
</kw>
<kw name="Should Be Equal As Strings" library="BuiltIn">
<arg>${product_book_name_qty}</arg>
<arg>${qty}</arg>
<doc>Fails if objects are unequal after converting them to strings.</doc>
<msg timestamp="20240517 15:37:54.786" level="INFO">Argument types are:
&lt;class 'str'&gt;
&lt;class 'int'&gt;</msg>
<status status="PASS" starttime="20240517 15:37:54.786" endtime="20240517 15:37:54.786"/>
</kw>
<status status="PASS" starttime="20240517 15:37:54.754" endtime="20240517 15:37:54.786"/>
</kw>
<kw name="ลบหนังสือทั้งหมดออกจากกระตร้าได้สำเร็จ" library="shopping_carts_page">
<arg>locator=${shopping_cart_locator.icon_delete_all_book_incart}</arg>
<kw name="Get Element Count" library="SeleniumLibrary">
<var>${count_btn_delete}</var>
<arg>${locator}</arg>
<doc>Returns the number of elements matching ``locator``.</doc>
<msg timestamp="20240517 15:37:54.810" level="INFO">${count_btn_delete} = 2</msg>
<status status="PASS" starttime="20240517 15:37:54.787" endtime="20240517 15:37:54.810"/>
</kw>
<kw name="Log" library="BuiltIn">
<arg>${count_btn_delete}</arg>
<doc>Logs the given message with the given level.</doc>
<msg timestamp="20240517 15:37:54.811" level="INFO">2</msg>
<status status="PASS" starttime="20240517 15:37:54.811" endtime="20240517 15:37:54.812"/>
</kw>
<for flavor="IN RANGE">
<var>${count_btn_delete}</var>
<value>0</value>
<value>${count_btn_delete}</value>
<iter>
<var name="${count_btn_delete}">0</var>
<kw name="Click Element" library="SeleniumLibrary">
<arg>${locator}</arg>
<doc>Click the element identified by ``locator``.</doc>
<msg timestamp="20240517 15:37:54.813" level="INFO">Clicking element 'xpath=//div//a[@class='delete-item']'.</msg>
<status status="PASS" starttime="20240517 15:37:54.812" endtime="20240517 15:37:54.904"/>
</kw>
<kw name="กดลบหนังสือออกจากตระกร้าโดยกดปุ่มยืนยันลบรายการ" library="shopping_carts_page">
<arg>${shopping_cart_locator.delete_confirm_btn}</arg>
<kw name="Wait Until Element Is Visible" library="SeleniumLibrary">
<arg>${shopping_cart_locator._pop_delete}</arg>
<arg>${timeout}</arg>
<doc>Waits until the element ``locator`` is visible.</doc>
<status status="PASS" starttime="20240517 15:37:54.907" endtime="20240517 15:37:55.819"/>
</kw>
<kw name="Click Element" library="SeleniumLibrary">
<arg>${locator}</arg>
<doc>Click the element identified by ``locator``.</doc>
<msg timestamp="20240517 15:37:55.821" level="INFO">Clicking element 'xpath=//button[contains(text(),'ใช่ ลบรายการ')]'.</msg>
<status status="PASS" starttime="20240517 15:37:55.819" endtime="20240517 15:37:55.945"/>
</kw>
<status status="PASS" starttime="20240517 15:37:54.905" endtime="20240517 15:37:55.945"/>
</kw>
<kw name="Wait Until Element Is Not Visible" library="SeleniumLibrary">
<arg>xpath=//div[@class='swal2-container swal2-center swal2-backdrop-show']</arg>
<doc>Waits until the element ``locator`` is not visible.</doc>
<status status="PASS" starttime="20240517 15:37:55.945" endtime="20240517 15:37:57.660"/>
</kw>
<status status="PASS" starttime="20240517 15:37:54.812" endtime="20240517 15:37:57.660"/>
</iter>
<iter>
<var name="${count_btn_delete}">1</var>
<kw name="Click Element" library="SeleniumLibrary">
<arg>${locator}</arg>
<doc>Click the element identified by ``locator``.</doc>
<msg timestamp="20240517 15:37:57.662" level="INFO">Clicking element 'xpath=//div//a[@class='delete-item']'.</msg>
<status status="PASS" starttime="20240517 15:37:57.660" endtime="20240517 15:37:57.761"/>
</kw>
<kw name="กดลบหนังสือออกจากตระกร้าโดยกดปุ่มยืนยันลบรายการ" library="shopping_carts_page">
<arg>${shopping_cart_locator.delete_confirm_btn}</arg>
<kw name="Wait Until Element Is Visible" library="SeleniumLibrary">
<arg>${shopping_cart_locator._pop_delete}</arg>
<arg>${timeout}</arg>
<doc>Waits until the element ``locator`` is visible.</doc>
<status status="PASS" starttime="20240517 15:37:57.763" endtime="20240517 15:37:58.014"/>
</kw>
<kw name="Click Element" library="SeleniumLibrary">
<arg>${locator}</arg>
<doc>Click the element identified by ``locator``.</doc>
<msg timestamp="20240517 15:37:58.015" level="INFO">Clicking element 'xpath=//button[contains(text(),'ใช่ ลบรายการ')]'.</msg>
<status status="PASS" starttime="20240517 15:37:58.014" endtime="20240517 15:37:58.144"/>
</kw>
<status status="PASS" starttime="20240517 15:37:57.762" endtime="20240517 15:37:58.144"/>
</kw>
<kw name="Wait Until Element Is Not Visible" library="SeleniumLibrary">
<arg>xpath=//div[@class='swal2-container swal2-center swal2-backdrop-show']</arg>
<doc>Waits until the element ``locator`` is not visible.</doc>
<status status="PASS" starttime="20240517 15:37:58.144" endtime="20240517 15:38:01.920"/>
</kw>
<status status="PASS" starttime="20240517 15:37:57.660" endtime="20240517 15:38:01.921"/>
</iter>
<status status="PASS" starttime="20240517 15:37:54.812" endtime="20240517 15:38:01.921"/>
</for>
<kw name="ตรวจสอบว่าหนังสือถูกลบและหายไปจากตระกร้า" library="shopping_carts_page">
<kw name="Wait Until Element Is Visible" library="SeleniumLibrary">
<arg>${shopping_cart_locator.cart_empty}</arg>
<arg>${timeout}</arg>
<doc>Waits until the element ``locator`` is visible.</doc>
<status status="PASS" starttime="20240517 15:38:01.922" endtime="20240517 15:38:01.953"/>
</kw>
<kw name="Get Text" library="SeleniumLibrary">
<var>${actual_text_empty_cart}</var>
<arg>${shopping_cart_locator.cart_empty}</arg>
<doc>Returns the text value of the element identified by ``locator``.</doc>
<msg timestamp="20240517 15:38:01.978" level="INFO">${actual_text_empty_cart} = ยังไม่มีรายการสินค้าในตะกร้า โปรดสั่งซื้อสินค้า</msg>
<status status="PASS" starttime="20240517 15:38:01.953" endtime="20240517 15:38:01.978"/>
</kw>
<kw name="Should Be Equal As Strings" library="BuiltIn">
<arg>${actual_text_empty_cart}</arg>
<arg>${shopping_cart_text.cart_empty}</arg>
<doc>Fails if objects are unequal after converting them to strings.</doc>
<status status="PASS" starttime="20240517 15:38:01.978" endtime="20240517 15:38:01.979"/>
</kw>
<status status="PASS" starttime="20240517 15:38:01.921" endtime="20240517 15:38:01.979"/>
</kw>
<status status="PASS" starttime="20240517 15:37:54.787" endtime="20240517 15:38:01.980"/>
</kw>
<kw name="Close Browser nejavu.com" library="common">
<kw name="Close Browser" library="SeleniumLibrary">
<doc>Closes the current browser.</doc>
<status status="PASS" starttime="20240517 15:38:01.981" endtime="20240517 15:38:04.241"/>
</kw>
<status status="PASS" starttime="20240517 15:38:01.980" endtime="20240517 15:38:04.241"/>
</kw>
<kw name="Close Browser nejavu.com" library="common" type="TEARDOWN">
<kw name="Close Browser" library="SeleniumLibrary">
<doc>Closes the current browser.</doc>
<status status="PASS" starttime="20240517 15:38:04.243" endtime="20240517 15:38:04.244"/>
</kw>
<status status="PASS" starttime="20240517 15:38:04.242" endtime="20240517 15:38:04.244"/>
</kw>
<doc>เพิ่มหนังสือในตระกร้าสินค้าจากหน้าแรกโดยตรง (box card) และลบหน้งสือออกจากตระกร้า not login</doc>
<tag>SHP-0001 FE shopping car</tag>
<status status="PASS" starttime="20240517 15:37:37.605" endtime="20240517 15:38:04.244"/>
</test>
<test id="s1-t2" name="SHP-0002 FE shopping car" line="30">
<kw name="ดึงข้อมูลที่ใช้ทดสอบจาก Excel (Test data)" library="common">
<var>${tc_id}</var>
<var>${td_id}</var>
<var>${bookname_1}</var>
<var>${bookname_qty_1}</var>
<var>${bookname_2}</var>
<var>${bookname_qty_2}</var>
<arg>row_index=6</arg>
<kw name="Open Excel Document" library="ExcelLibrary">
<arg>filename=${EXECDIR}\\Test-project-web-robotframework\\resouces\\testdata\\testdata_shp.xlsx</arg>
<arg>doc_id=td_shopping_cart</arg>
<doc>Opens xlsx document file.</doc>
<status status="PASS" starttime="20240517 15:38:04.255" endtime="20240517 15:38:04.288"/>
</kw>
<kw name="Read Excel Cell" library="ExcelLibrary">
<var>${tc_id}</var>
<arg>row_num=${row_index}</arg>
<arg>col_num=1</arg>
<doc>Returns content of a cell.</doc>
<msg timestamp="20240517 15:38:04.290" level="INFO">${tc_id} = SHP-0002

FE
shopping car</msg>
<status status="PASS" starttime="20240517 15:38:04.289" endtime="20240517 15:38:04.290"/>
</kw>
<kw name="Read Excel Cell" library="ExcelLibrary">
<var>${td_id}</var>
<arg>row_num=${row_index}</arg>
<arg>col_num=2</arg>
<doc>Returns content of a cell.</doc>
<msg timestamp="20240517 15:38:04.292" level="INFO">${td_id} = SHP-0001-TD-002</msg>
<status status="PASS" starttime="20240517 15:38:04.291" endtime="20240517 15:38:04.292"/>
</kw>
<kw name="Read Excel Cell" library="ExcelLibrary">
<var>${bookname_1}</var>
<arg>row_num=${row_index}</arg>
<arg>col_num=3</arg>
<doc>Returns content of a cell.</doc>
<msg timestamp="20240517 15:38:04.293" level="INFO">${bookname_1} = JOJO ล่าข้ามศตวรรษ เครซี่ ไดอมอนด์ ด้วยรักและใจสลาย เล่ม 2</msg>
<status status="PASS" starttime="20240517 15:38:04.292" endtime="20240517 15:38:04.293"/>
</kw>
<kw name="Read Excel Cell" library="ExcelLibrary">
<var>${bookname_qty_1}</var>
<arg>row_num=${row_index}</arg>
<arg>col_num=4</arg>
<doc>Returns content of a cell.</doc>
<msg timestamp="20240517 15:38:04.294" level="INFO">${bookname_qty_1} = 1</msg>
<status status="PASS" starttime="20240517 15:38:04.293" endtime="20240517 15:38:04.294"/>
</kw>
<kw name="Read Excel Cell" library="ExcelLibrary">
<var>${bookname_2}</var>
<arg>row_num=${row_index}</arg>
<arg>col_num=5</arg>
<doc>Returns content of a cell.</doc>
<msg timestamp="20240517 15:38:04.295" level="INFO">${bookname_2} = Jojo ล่าข้ามศตวรรษ ภาค 4 เพชรแท้ไม่มีวันสลาย เล่ม 4</msg>
<status status="PASS" starttime="20240517 15:38:04.295" endtime="20240517 15:38:04.295"/>
</kw>
<kw name="Read Excel Cell" library="ExcelLibrary">
<var>${bookname_qty_2}</var>
<arg>row_num=${row_index}</arg>
<arg>col_num=6</arg>
<doc>Returns content of a cell.</doc>
<msg timestamp="20240517 15:38:04.296" level="INFO">${bookname_qty_2} = 1</msg>
<status status="PASS" starttime="20240517 15:38:04.296" endtime="20240517 15:38:04.296"/>
</kw>
<kw name="Close All Excel Documents" library="ExcelLibrary">
<doc>Closes all opened documents.</doc>
<status status="PASS" starttime="20240517 15:38:04.297" endtime="20240517 15:38:04.297"/>
</kw>
<msg timestamp="20240517 15:38:04.298" level="INFO">${tc_id} = SHP-0002

FE
shopping car</msg>
<msg timestamp="20240517 15:38:04.298" level="INFO">${td_id} = SHP-0001-TD-002</msg>
<msg timestamp="20240517 15:38:04.298" level="INFO">${bookname_1} = JOJO ล่าข้ามศตวรรษ เครซี่ ไดอมอนด์ ด้วยรักและใจสลาย เล่ม 2</msg>
<msg timestamp="20240517 15:38:04.298" level="INFO">${bookname_qty_1} = 1</msg>
<msg timestamp="20240517 15:38:04.298" level="INFO">${bookname_2} = Jojo ล่าข้ามศตวรรษ ภาค 4 เพชรแท้ไม่มีวันสลาย เล่ม 4</msg>
<msg timestamp="20240517 15:38:04.298" level="INFO">${bookname_qty_2} = 1</msg>
<status status="PASS" starttime="20240517 15:38:04.253" endtime="20240517 15:38:04.298"/>
</kw>
<kw name="Open website nejavu.com" library="common">
<kw name="Open Browser" library="SeleniumLibrary">
<arg>url=${url}</arg>
<arg>browser=${browser}</arg>
<doc>Opens a new browser instance to the optional ``url``.</doc>
<msg timestamp="20240517 15:38:04.300" level="INFO">Opening browser 'gc' to base url 'https://www.nejavu.com/'.</msg>
<status status="PASS" starttime="20240517 15:38:04.299" endtime="20240517 15:38:09.168"/>
</kw>
<kw name="Maximize Browser Window" library="SeleniumLibrary">
<doc>Maximizes current browser window.</doc>
<status status="PASS" starttime="20240517 15:38:09.169" endtime="20240517 15:38:09.278"/>
</kw>
<status status="PASS" starttime="20240517 15:38:04.298" endtime="20240517 15:38:09.279"/>
</kw>
<kw name="Display logo home page (ควรเข้ามายังหน้า website ได้สำเร็จและแสดงผลหน้าแรกอย่างถูกต้อง)" library="main_header_page">
<kw name="Wait Until Element Is Visible" library="SeleniumLibrary">
<arg>${header.home_logo}</arg>
<arg>${timeout}</arg>
<doc>Waits until the element ``locator`` is visible.</doc>
<status status="PASS" starttime="20240517 15:38:09.280" endtime="20240517 15:38:09.331"/>
</kw>
<status status="PASS" starttime="20240517 15:38:09.279" endtime="20240517 15:38:09.331"/>
</kw>
<kw name="When opening web first close popup automatically" library="common">
<arg>${pop_frist_open_web.locator}</arg>
<kw name="Wait Until Element Is Visible" library="SeleniumLibrary">
<arg>${locator}</arg>
<arg>${timeout}</arg>
<doc>Waits until the element ``locator`` is visible.</doc>
<status status="PASS" starttime="20240517 15:38:09.332" endtime="20240517 15:38:09.381"/>
</kw>
<kw name="Click Element" library="SeleniumLibrary">
<arg>${locator}</arg>
<doc>Click the element identified by ``locator``.</doc>
<msg timestamp="20240517 15:38:09.384" level="INFO">Clicking element 'xpath=//a[@class='close-modal']'.</msg>
<status status="PASS" starttime="20240517 15:38:09.382" endtime="20240517 15:38:09.511"/>
</kw>
<kw name="Wait Until Element Is Not Visible" library="SeleniumLibrary">
<arg>${locator}</arg>
<arg>${timeout}</arg>
<doc>Waits until the element ``locator`` is not visible.</doc>
<status status="PASS" starttime="20240517 15:38:09.512" endtime="20240517 15:38:09.586"/>
</kw>
<status status="PASS" starttime="20240517 15:38:09.331" endtime="20240517 15:38:09.586"/>
</kw>
<kw name="Accept cokkie" library="common">
<arg>locator=${test_cookie}</arg>
<arg>text_btn=${text_btn_box_cookie_01}</arg>
<kw name="Wait Until Element Is Not Visible" library="SeleniumLibrary">
<arg>${pop_frist.locator}</arg>
<arg>${timeout}</arg>
<doc>Waits until the element ``locator`` is not visible.</doc>
<status status="PASS" starttime="20240517 15:38:09.589" endtime="20240517 15:38:10.159"/>
</kw>
<kw name="Replace String" library="String">
<var>${btn_accept}</var>
<arg>${btn_box_cookie}</arg>
<arg>$text</arg>
<arg>${text_btn}</arg>
<doc>Replaces ``search_for`` in the given ``string`` with ``replace_with``.</doc>
<msg timestamp="20240517 15:38:10.161" level="INFO">${btn_accept} = xpath=//div[@class='p-2 df aic']/../..//a[text()='ยอมรับ']</msg>
<status status="PASS" starttime="20240517 15:38:10.160" endtime="20240517 15:38:10.161"/>
</kw>
<kw name="Click Element" library="SeleniumLibrary">
<arg>${btn_accept}</arg>
<doc>Click the element identified by ``locator``.</doc>
<msg timestamp="20240517 15:38:10.163" level="INFO">Clicking element 'xpath=//div[@class='p-2 df aic']/../..//a[text()='ยอมรับ']'.</msg>
<status status="PASS" starttime="20240517 15:38:10.161" endtime="20240517 15:38:10.274"/>
</kw>
<kw name="Wait Until Element Is Not Visible" library="SeleniumLibrary">
<arg>${test_cookie}</arg>
<arg>${timeout}</arg>
<doc>Waits until the element ``locator`` is not visible.</doc>
<status status="PASS" starttime="20240517 15:38:10.274" endtime="20240517 15:38:11.965"/>
</kw>
<status status="PASS" starttime="20240517 15:38:09.587" endtime="20240517 15:38:11.965"/>
</kw>
<kw name="Enter the name of the book and press search (กรอกชื่อหนังสือและกดค้นหา)" library="main_header_page">
<arg>book_name=${set_text_search_02}</arg>
<kw name="Input text element when read" library="common">
<arg>${header.search_box}</arg>
<arg>${book_name}</arg>
<kw name="Input Text" library="SeleniumLibrary">
<arg>${locator}</arg>
<arg>${text_inpt}</arg>
<doc>Types the given ``text`` into the text field identified by ``locator``.</doc>
<msg timestamp="20240517 15:38:11.969" level="INFO">Typing text 'JOJO ล่าข้ามศตวรรษ' into text field 'id=search-dropdown'.</msg>
<status status="PASS" starttime="20240517 15:38:11.968" endtime="20240517 15:38:12.234"/>
</kw>
<status status="PASS" starttime="20240517 15:38:11.967" endtime="20240517 15:38:12.234"/>
</kw>
<kw name="Wait Until Element Is Visible" library="SeleniumLibrary">
<arg>${header.search_box_button}</arg>
<arg>${timeout}</arg>
<doc>Waits until the element ``locator`` is visible.</doc>
<status status="PASS" starttime="20240517 15:38:12.235" endtime="20240517 15:38:12.288"/>
</kw>
<kw name="Click element when read" library="common">
<arg>${header.search_box_button}</arg>
<kw name="Wait Until Element Is Visible" library="SeleniumLibrary">
<arg>${locator}</arg>
<arg>${timeout}</arg>
<doc>Waits until the element ``locator`` is visible.</doc>
<status status="PASS" starttime="20240517 15:38:12.290" endtime="20240517 15:38:12.338"/>
</kw>
<kw name="Click Element" library="SeleniumLibrary">
<arg>${locator}</arg>
<doc>Click the element identified by ``locator``.</doc>
<msg timestamp="20240517 15:38:12.340" level="INFO">Clicking element 'xpath=//div[@class='df']//button[@type='submit']'.</msg>
<status status="PASS" starttime="20240517 15:38:12.339" endtime="20240517 15:38:14.547"/>
</kw>
<status status="PASS" starttime="20240517 15:38:12.289" endtime="20240517 15:38:14.548"/>
</kw>
<status status="PASS" starttime="20240517 15:38:11.965" endtime="20240517 15:38:14.548"/>
</kw>
<kw name="Book results page should be displayed (ควรแสดงหน้าผลลัพธ์หนังสือ)" library="book_cartoon_page">
<arg>book_name=${set_text_search_02}</arg>
<kw name="Wait Until Element Is Visible" library="SeleniumLibrary">
<arg>xpath=//span[contains(text(),': ${book_name}')]</arg>
<arg>timeout=${timeout}</arg>
<doc>Waits until the element ``locator`` is visible.</doc>
<status status="PASS" starttime="20240517 15:38:14.551" endtime="20240517 15:38:14.591"/>
</kw>
<kw name="Run Keyword And Continue On Failure" library="BuiltIn">
<arg>SeleniumLibrary.Page Should Contain Element</arg>
<arg>xpath=//span[contains(text(),': ${book_name}')]</arg>
<doc>Runs the keyword and continues execution even if a failure occurs.</doc>
<kw name="Page Should Contain Element" library="SeleniumLibrary">
<arg>xpath=//span[contains(text(),': ${book_name}')]</arg>
<doc>Verifies that element ``locator`` is found on the current page.</doc>
<msg timestamp="20240517 15:38:14.608" level="INFO">Current page contains element 'xpath=//span[contains(text(),': JOJO ล่าข้ามศตวรรษ')]'.</msg>
<status status="PASS" starttime="20240517 15:38:14.592" endtime="20240517 15:38:14.608"/>
</kw>
<status status="PASS" starttime="20240517 15:38:14.592" endtime="20240517 15:38:14.609"/>
</kw>
<status status="PASS" starttime="20240517 15:38:14.549" endtime="20240517 15:38:14.609"/>
</kw>
<kw name="กดหนังสือมุมมองด่วนของ (box card)" library="book_cartoon_page">
<arg>book_name=${bookname_1}</arg>
<kw name="Replace String" library="String">
<var>${Clicky_bookname_quick_view_btn}</var>
<arg>${book_cartoon_locator.quick_view_btn_v2}</arg>
<arg>$book_name</arg>
<arg>${book_name}</arg>
<doc>Replaces ``search_for`` in the given ``string`` with ``replace_with``.</doc>
<msg timestamp="20240517 15:38:14.611" level="INFO">${Clicky_bookname_quick_view_btn} = xpath=//h5[contains(text(),'JOJO ล่าข้ามศตวรรษ เครซี่ ไดอมอนด์ ด้วยรักและใจสลาย เล่ม 2')]/../../../..//button[@class='btn-bordered-1st round df aic jcc modal-trigger']</msg>
<status status="PASS" starttime="20240517 15:38:14.610" endtime="20240517 15:38:14.611"/>
</kw>
<kw name="Sleep" library="BuiltIn">
<arg>time_=0.5s</arg>
<doc>Pauses the test executed for the given time.</doc>
<msg timestamp="20240517 15:38:15.114" level="INFO">Slept 500 milliseconds</msg>
<status status="PASS" starttime="20240517 15:38:14.612" endtime="20240517 15:38:15.114"/>
</kw>
<kw name="Wait Until Element Is Visible" library="SeleniumLibrary">
<arg>${Clicky_bookname_quick_view_btn}</arg>
<arg>${timeout}</arg>
<doc>Waits until the element ``locator`` is visible.</doc>
<status status="PASS" starttime="20240517 15:38:15.115" endtime="20240517 15:38:15.152"/>
</kw>
<kw name="Sleep" library="BuiltIn">
<arg>time_=1s</arg>
<doc>Pauses the test executed for the given time.</doc>
<msg timestamp="20240517 15:38:16.154" level="INFO">Slept 1 second</msg>
<status status="PASS" starttime="20240517 15:38:15.153" endtime="20240517 15:38:16.154"/>
</kw>
<kw name="Click Element" library="SeleniumLibrary">
<arg>${Clicky_bookname_quick_view_btn}</arg>
<doc>Click the element identified by ``locator``.</doc>
<msg timestamp="20240517 15:38:16.156" level="INFO">Clicking element 'xpath=//h5[contains(text(),'JOJO ล่าข้ามศตวรรษ เครซี่ ไดอมอนด์ ด้วยรักและใจสลาย เล่ม 2')]/../../../..//button[@class='btn-bordered-1st round df aic jcc modal-trigger']'.</msg>
<status status="PASS" starttime="20240517 15:38:16.154" endtime="20240517 15:38:16.245"/>
</kw>
<status status="PASS" starttime="20240517 15:38:14.609" endtime="20240517 15:38:16.245"/>
</kw>
<kw name="Quick_view action add book to cart" library="book_cartoon_page">
<arg>book_name=${bookname_1}</arg>
<kw name="Replace String" library="String">
<var>${pop_quick_view_bookname_v2}</var>
<arg>${book_cartoon_locator.popup_product_by_bookname}</arg>
<arg>$book_name</arg>
<arg>${book_name}</arg>
<doc>Replaces ``search_for`` in the given ``string`` with ``replace_with``.</doc>
<msg timestamp="20240517 15:38:16.247" level="INFO">${pop_quick_view_bookname_v2} = xpath=//strong[contains(text(),'JOJO ล่าข้ามศตวรรษ เครซี่ ไดอมอนด์ ด้วยรักและใจสลาย เล่ม 2')]</msg>
<status status="PASS" starttime="20240517 15:38:16.246" endtime="20240517 15:38:16.247"/>
</kw>
<kw name="Wait Until Element Is Visible" library="SeleniumLibrary">
<arg>${pop_quick_view_bookname_v2}</arg>
<arg>${timeout}</arg>
<doc>Waits until the element ``locator`` is visible.</doc>
<status status="PASS" starttime="20240517 15:38:16.247" endtime="20240517 15:38:16.933"/>
</kw>
<kw name="Click element when read" library="common">
<arg>${book_cartoon_locator.quick_view_btn_add_cart}</arg>
<kw name="Wait Until Element Is Visible" library="SeleniumLibrary">
<arg>${locator}</arg>
<arg>${timeout}</arg>
<doc>Waits until the element ``locator`` is visible.</doc>
<status status="PASS" starttime="20240517 15:38:16.935" endtime="20240517 15:38:16.989"/>
</kw>
<kw name="Click Element" library="SeleniumLibrary">
<arg>${locator}</arg>
<doc>Click the element identified by ``locator``.</doc>
<msg timestamp="20240517 15:38:16.991" level="INFO">Clicking element 'xpath=//button[@id='add-to-cart-quickview-button']//small'.</msg>
<status status="PASS" starttime="20240517 15:38:16.990" endtime="20240517 15:38:17.144"/>
</kw>
<status status="PASS" starttime="20240517 15:38:16.933" endtime="20240517 15:38:17.145"/>
</kw>
<kw name="Click element when read" library="common">
<arg>${book_cartoon_locator.close_quick_view_btn}</arg>
<kw name="Wait Until Element Is Visible" library="SeleniumLibrary">
<arg>${locator}</arg>
<arg>${timeout}</arg>
<doc>Waits until the element ``locator`` is visible.</doc>
<status status="PASS" starttime="20240517 15:38:17.146" endtime="20240517 15:38:17.212"/>
</kw>
<kw name="Click Element" library="SeleniumLibrary">
<arg>${locator}</arg>
<doc>Click the element identified by ``locator``.</doc>
<msg timestamp="20240517 15:38:17.214" level="INFO">Clicking element 'xpath=//body[@id='top']/main/div[@class='modal-type1 modal-overlay active']/div[@id='modal-type1']/a[@class='close-modal']/*[1]'.</msg>
<status status="PASS" starttime="20240517 15:38:17.213" endtime="20240517 15:38:17.303"/>
</kw>
<status status="PASS" starttime="20240517 15:38:17.146" endtime="20240517 15:38:17.303"/>
</kw>
<status status="PASS" starttime="20240517 15:38:16.245" endtime="20240517 15:38:17.303"/>
</kw>
<kw name="กดหนังสือมุมมองด่วนของ (box card)" library="book_cartoon_page">
<arg>book_name=${bookname_2}</arg>
<kw name="Replace String" library="String">
<var>${Clicky_bookname_quick_view_btn}</var>
<arg>${book_cartoon_locator.quick_view_btn_v2}</arg>
<arg>$book_name</arg>
<arg>${book_name}</arg>
<doc>Replaces ``search_for`` in the given ``string`` with ``replace_with``.</doc>
<msg timestamp="20240517 15:38:17.306" level="INFO">${Clicky_bookname_quick_view_btn} = xpath=//h5[contains(text(),'Jojo ล่าข้ามศตวรรษ ภาค 4 เพชรแท้ไม่มีวันสลาย เล่ม 4')]/../../../..//button[@class='btn-bordered-1st round df aic jcc modal-trigger']</msg>
<status status="PASS" starttime="20240517 15:38:17.305" endtime="20240517 15:38:17.306"/>
</kw>
<kw name="Sleep" library="BuiltIn">
<arg>time_=0.5s</arg>
<doc>Pauses the test executed for the given time.</doc>
<msg timestamp="20240517 15:38:17.817" level="INFO">Slept 500 milliseconds</msg>
<status status="PASS" starttime="20240517 15:38:17.307" endtime="20240517 15:38:17.817"/>
</kw>
<kw name="Wait Until Element Is Visible" library="SeleniumLibrary">
<arg>${Clicky_bookname_quick_view_btn}</arg>
<arg>${timeout}</arg>
<doc>Waits until the element ``locator`` is visible.</doc>
<status status="PASS" starttime="20240517 15:38:17.817" endtime="20240517 15:38:17.875"/>
</kw>
<kw name="Sleep" library="BuiltIn">
<arg>time_=1s</arg>
<doc>Pauses the test executed for the given time.</doc>
<msg timestamp="20240517 15:38:18.884" level="INFO">Slept 1 second</msg>
<status status="PASS" starttime="20240517 15:38:17.875" endtime="20240517 15:38:18.884"/>
</kw>
<kw name="Click Element" library="SeleniumLibrary">
<arg>${Clicky_bookname_quick_view_btn}</arg>
<doc>Click the element identified by ``locator``.</doc>
<msg timestamp="20240517 15:38:18.886" level="INFO">Clicking element 'xpath=//h5[contains(text(),'Jojo ล่าข้ามศตวรรษ ภาค 4 เพชรแท้ไม่มีวันสลาย เล่ม 4')]/../../../..//button[@class='btn-bordered-1st round df aic jcc modal-trigger']'.</msg>
<status status="PASS" starttime="20240517 15:38:18.885" endtime="20240517 15:38:18.979"/>
</kw>
<status status="PASS" starttime="20240517 15:38:17.304" endtime="20240517 15:38:18.979"/>
</kw>
<kw name="Quick_view action add book to cart" library="book_cartoon_page">
<arg>book_name=${bookname_2}</arg>
<kw name="Replace String" library="String">
<var>${pop_quick_view_bookname_v2}</var>
<arg>${book_cartoon_locator.popup_product_by_bookname}</arg>
<arg>$book_name</arg>
<arg>${book_name}</arg>
<doc>Replaces ``search_for`` in the given ``string`` with ``replace_with``.</doc>
<msg timestamp="20240517 15:38:18.982" level="INFO">${pop_quick_view_bookname_v2} = xpath=//strong[contains(text(),'Jojo ล่าข้ามศตวรรษ ภาค 4 เพชรแท้ไม่มีวันสลาย เล่ม 4')]</msg>
<status status="PASS" starttime="20240517 15:38:18.981" endtime="20240517 15:38:18.982"/>
</kw>
<kw name="Wait Until Element Is Visible" library="SeleniumLibrary">
<arg>${pop_quick_view_bookname_v2}</arg>
<arg>${timeout}</arg>
<doc>Waits until the element ``locator`` is visible.</doc>
<status status="PASS" starttime="20240517 15:38:18.982" endtime="20240517 15:38:19.295"/>
</kw>
<kw name="Click element when read" library="common">
<arg>${book_cartoon_locator.quick_view_btn_add_cart}</arg>
<kw name="Wait Until Element Is Visible" library="SeleniumLibrary">
<arg>${locator}</arg>
<arg>${timeout}</arg>
<doc>Waits until the element ``locator`` is visible.</doc>
<status status="PASS" starttime="20240517 15:38:19.297" endtime="20240517 15:38:19.331"/>
</kw>
<kw name="Click Element" library="SeleniumLibrary">
<arg>${locator}</arg>
<doc>Click the element identified by ``locator``.</doc>
<msg timestamp="20240517 15:38:19.333" level="INFO">Clicking element 'xpath=//button[@id='add-to-cart-quickview-button']//small'.</msg>
<status status="PASS" starttime="20240517 15:38:19.331" endtime="20240517 15:38:19.440"/>
</kw>
<status status="PASS" starttime="20240517 15:38:19.295" endtime="20240517 15:38:19.440"/>
</kw>
<kw name="Click element when read" library="common">
<arg>${book_cartoon_locator.close_quick_view_btn}</arg>
<kw name="Wait Until Element Is Visible" library="SeleniumLibrary">
<arg>${locator}</arg>
<arg>${timeout}</arg>
<doc>Waits until the element ``locator`` is visible.</doc>
<status status="PASS" starttime="20240517 15:38:19.442" endtime="20240517 15:38:19.479"/>
</kw>
<kw name="Click Element" library="SeleniumLibrary">
<arg>${locator}</arg>
<doc>Click the element identified by ``locator``.</doc>
<msg timestamp="20240517 15:38:19.481" level="INFO">Clicking element 'xpath=//body[@id='top']/main/div[@class='modal-type1 modal-overlay active']/div[@id='modal-type1']/a[@class='close-modal']/*[1]'.</msg>
<status status="PASS" starttime="20240517 15:38:19.479" endtime="20240517 15:38:19.557"/>
</kw>
<status status="PASS" starttime="20240517 15:38:19.441" endtime="20240517 15:38:19.557"/>
</kw>
<status status="PASS" starttime="20240517 15:38:18.979" endtime="20240517 15:38:19.558"/>
</kw>
<kw name="ตรวจสอบแสดง alert เมื่อเพิ่มสินค้าเข้าตะกร้าได้สำเร็จ" library="main_header_page">
<arg>${header.text_alert_add_to_cart_sucess}</arg>
<arg>${header.locator_alert_add_to_cart_sucess}</arg>
<kw name="Wait Until Element Is Visible" library="SeleniumLibrary">
<arg>${locator}</arg>
<arg>${timeout}</arg>
<doc>Waits until the element ``locator`` is visible.</doc>
<status status="PASS" starttime="20240517 15:38:19.560" endtime="20240517 15:38:19.842"/>
</kw>
<kw name="Get Text" library="SeleniumLibrary">
<var>${actual_result}</var>
<arg>${locator}</arg>
<doc>Returns the text value of the element identified by ``locator``.</doc>
<msg timestamp="20240517 15:38:19.908" level="INFO">${actual_result} = เพิ่มสินค้าในตระกร้าสำเร็จ</msg>
<status status="PASS" starttime="20240517 15:38:19.843" endtime="20240517 15:38:19.908"/>
</kw>
<kw name="Log" library="BuiltIn">
<arg>${actual_result}</arg>
<doc>Logs the given message with the given level.</doc>
<msg timestamp="20240517 15:38:19.910" level="INFO">เพิ่มสินค้าในตระกร้าสำเร็จ</msg>
<status status="PASS" starttime="20240517 15:38:19.909" endtime="20240517 15:38:19.910"/>
</kw>
<kw name="Should Be Equal As Strings" library="BuiltIn">
<arg>${actual_result}</arg>
<arg>${expec_text}</arg>
<doc>Fails if objects are unequal after converting them to strings.</doc>
<status status="PASS" starttime="20240517 15:38:19.910" endtime="20240517 15:38:19.911"/>
</kw>
<status status="PASS" starttime="20240517 15:38:19.558" endtime="20240517 15:38:19.912"/>
</kw>
<kw name="ตรวจสอบจำนวนหนังสือบนไอคอนรถเข็น" library="main_header_page">
<arg>expec_qty=${header.expect_qty_to_cart}</arg>
<arg>locator=${header.qty_on_cart}</arg>
<kw name="Wait Until Element Is Not Visible" library="SeleniumLibrary">
<arg>${header.locator_alert_add_to_cart_sucess}</arg>
<doc>Waits until the element ``locator`` is not visible.</doc>
<status status="PASS" starttime="20240517 15:38:19.914" endtime="20240517 15:38:21.646"/>
</kw>
<kw name="Wait Until Element Is Enabled" library="SeleniumLibrary">
<arg>${locator}</arg>
<doc>Waits until the element ``locator`` is enabled.</doc>
<status status="PASS" starttime="20240517 15:38:21.647" endtime="20240517 15:38:21.689"/>
</kw>
<kw name="Get Text" library="SeleniumLibrary">
<var>${actual_result}</var>
<arg>${locator}</arg>
<doc>Returns the text value of the element identified by ``locator``.</doc>
<msg timestamp="20240517 15:38:21.718" level="INFO">${actual_result} = 2</msg>
<status status="PASS" starttime="20240517 15:38:21.690" endtime="20240517 15:38:21.719"/>
</kw>
<kw name="Log" library="BuiltIn">
<arg>${actual_result}</arg>
<doc>Logs the given message with the given level.</doc>
<msg timestamp="20240517 15:38:21.720" level="INFO">2</msg>
<status status="PASS" starttime="20240517 15:38:21.719" endtime="20240517 15:38:21.720"/>
</kw>
<kw name="Should Be Equal As Strings" library="BuiltIn">
<arg>${actual_result}</arg>
<arg>${expec_qty}</arg>
<doc>Fails if objects are unequal after converting them to strings.</doc>
<status status="PASS" starttime="20240517 15:38:21.720" endtime="20240517 15:38:21.721"/>
</kw>
<status status="PASS" starttime="20240517 15:38:19.912" endtime="20240517 15:38:21.722"/>
</kw>
<kw name="กดไปยังหน้าตระกร้าสินค้าได้สำเร็จ" library="main_header_page">
<arg>locator=${header.icon_cart_btn}</arg>
<kw name="Wait Until Element Is Not Visible" library="SeleniumLibrary">
<arg>${header.locator_alert_add_to_cart_sucess}</arg>
<doc>Waits until the element ``locator`` is not visible.</doc>
<status status="PASS" starttime="20240517 15:38:21.724" endtime="20240517 15:38:21.737"/>
</kw>
<kw name="Wait Until Element Is Visible" library="SeleniumLibrary">
<arg>${locator}</arg>
<arg>${timeout}</arg>
<doc>Waits until the element ``locator`` is visible.</doc>
<status status="PASS" starttime="20240517 15:38:21.737" endtime="20240517 15:38:21.769"/>
</kw>
<kw name="Click element when read" library="common">
<arg>${locator}</arg>
<kw name="Wait Until Element Is Visible" library="SeleniumLibrary">
<arg>${locator}</arg>
<arg>${timeout}</arg>
<doc>Waits until the element ``locator`` is visible.</doc>
<status status="PASS" starttime="20240517 15:38:21.770" endtime="20240517 15:38:21.795"/>
</kw>
<kw name="Click Element" library="SeleniumLibrary">
<arg>${locator}</arg>
<doc>Click the element identified by ``locator``.</doc>
<msg timestamp="20240517 15:38:21.796" level="INFO">Clicking element 'xpath=//a[@href='https://www.nejavu.com/cart']//img[@class='lozad']'.</msg>
<status status="PASS" starttime="20240517 15:38:21.795" endtime="20240517 15:38:23.064"/>
</kw>
<status status="PASS" starttime="20240517 15:38:21.769" endtime="20240517 15:38:23.064"/>
</kw>
<kw name="Element Should Be Visible" library="SeleniumLibrary">
<arg>${shopping_cart_locator_page}</arg>
<doc>Verifies that the element identified by ``locator`` is visible.</doc>
<msg timestamp="20240517 15:38:23.105" level="INFO">Element 'xpath=//div[@class='mt-8 mb-4 df jcsb aic']//strong' is displayed.</msg>
<status status="PASS" starttime="20240517 15:38:23.065" endtime="20240517 15:38:23.105"/>
</kw>
<kw name="Get Text" library="SeleniumLibrary">
<var>${text_page_cart}</var>
<arg>${shopping_cart_locator_page}</arg>
<doc>Returns the text value of the element identified by ``locator``.</doc>
<msg timestamp="20240517 15:38:23.137" level="INFO">${text_page_cart} = ตะกร้าของฉัน</msg>
<status status="PASS" starttime="20240517 15:38:23.105" endtime="20240517 15:38:23.137"/>
</kw>
<kw name="Should Be Equal As Strings" library="BuiltIn">
<arg>${text_page_cart}</arg>
<arg>ตะกร้าของฉัน</arg>
<doc>Fails if objects are unequal after converting them to strings.</doc>
<status status="PASS" starttime="20240517 15:38:23.138" endtime="20240517 15:38:23.139"/>
</kw>
<status status="PASS" starttime="20240517 15:38:21.722" endtime="20240517 15:38:23.139"/>
</kw>
<kw name="ตรวจสอบหน้าตระกร้าสินค้าว่าชื่อหนังสือถูกเพิ่มเข้ามาแล้ว" library="shopping_carts_page">
<arg>book_name=${bookname_1}</arg>
<kw name="Replace String" library="String">
<var>${product_book_name}</var>
<arg>${shopping_cart_locator.product_book_name}</arg>
<arg>$book_name</arg>
<arg>${book_name}</arg>
<doc>Replaces ``search_for`` in the given ``string`` with ``replace_with``.</doc>
<msg timestamp="20240517 15:38:23.141" level="INFO">${product_book_name} = xpath=//*[contains(text(),'JOJO ล่าข้ามศตวรรษ เครซี่ ไดอมอนด์ ด้วยรักและใจสลาย เล่ม 2')]//ancestor::div[@class='cart-item-detail']//p//strong</msg>
<status status="PASS" starttime="20240517 15:38:23.141" endtime="20240517 15:38:23.142"/>
</kw>
<kw name="Wait Until Element Is Visible" library="SeleniumLibrary">
<arg>${product_book_name}</arg>
<arg>${timeout}</arg>
<doc>Waits until the element ``locator`` is visible.</doc>
<status status="PASS" starttime="20240517 15:38:23.142" endtime="20240517 15:38:23.180"/>
</kw>
<kw name="Element Text Should Be" library="SeleniumLibrary">
<arg>locator= ${product_book_name}</arg>
<arg>expected=${book_name}</arg>
<doc>Verifies that element ``locator`` contains exact the text ``expected``.</doc>
<msg timestamp="20240517 15:38:23.183" level="INFO">Verifying element ' xpath=//*[contains(text(),'JOJO ล่าข้ามศตวรรษ เครซี่ ไดอมอนด์ ด้วยรักและใจสลาย เล่ม 2')]//ancestor::div[@class='cart-item-detail']//p//strong' contains exact text 'JOJO ล่าข้ามศตวรรษ เครซี่ ไดอมอนด์ ด้วยรักและใจสลาย เล่ม 2'.</msg>
<status status="PASS" starttime="20240517 15:38:23.181" endtime="20240517 15:38:23.209"/>
</kw>
<status status="PASS" starttime="20240517 15:38:23.139" endtime="20240517 15:38:23.209"/>
</kw>
<kw name="ตรวจสอบหน้าตระกร้าสินค้าว่าชื่อหนังสือถูกเพิ่มเข้ามาแล้ว" library="shopping_carts_page">
<arg>book_name=${bookname_2}</arg>
<kw name="Replace String" library="String">
<var>${product_book_name}</var>
<arg>${shopping_cart_locator.product_book_name}</arg>
<arg>$book_name</arg>
<arg>${book_name}</arg>
<doc>Replaces ``search_for`` in the given ``string`` with ``replace_with``.</doc>
<msg timestamp="20240517 15:38:23.211" level="INFO">${product_book_name} = xpath=//*[contains(text(),'Jojo ล่าข้ามศตวรรษ ภาค 4 เพชรแท้ไม่มีวันสลาย เล่ม 4')]//ancestor::div[@class='cart-item-detail']//p//strong</msg>
<status status="PASS" starttime="20240517 15:38:23.211" endtime="20240517 15:38:23.211"/>
</kw>
<kw name="Wait Until Element Is Visible" library="SeleniumLibrary">
<arg>${product_book_name}</arg>
<arg>${timeout}</arg>
<doc>Waits until the element ``locator`` is visible.</doc>
<status status="PASS" starttime="20240517 15:38:23.212" endtime="20240517 15:38:23.244"/>
</kw>
<kw name="Element Text Should Be" library="SeleniumLibrary">
<arg>locator= ${product_book_name}</arg>
<arg>expected=${book_name}</arg>
<doc>Verifies that element ``locator`` contains exact the text ``expected``.</doc>
<msg timestamp="20240517 15:38:23.246" level="INFO">Verifying element ' xpath=//*[contains(text(),'Jojo ล่าข้ามศตวรรษ ภาค 4 เพชรแท้ไม่มีวันสลาย เล่ม 4')]//ancestor::div[@class='cart-item-detail']//p//strong' contains exact text 'Jojo ล่าข้ามศตวรรษ ภาค 4 เพชรแท้ไม่มีวันสลาย เล่ม 4'.</msg>
<status status="PASS" starttime="20240517 15:38:23.245" endtime="20240517 15:38:23.280"/>
</kw>
<status status="PASS" starttime="20240517 15:38:23.210" endtime="20240517 15:38:23.281"/>
</kw>
<kw name="ตรวจสอบ value จำนวนหนังสือ" library="shopping_carts_page">
<arg>book_name=${bookname_1}</arg>
<arg>qty=${bookname_qty_1}</arg>
<kw name="Replace String" library="String">
<var>${product_book_name_qty}</var>
<arg>${shopping_cart_locator.get_value_qty_book}</arg>
<arg>$book_name</arg>
<arg>${book_name}</arg>
<doc>Replaces ``search_for`` in the given ``string`` with ``replace_with``.</doc>
<msg timestamp="20240517 15:38:23.283" level="INFO">${product_book_name_qty} = xpath=//strong[text()='JOJO ล่าข้ามศตวรรษ เครซี่ ไดอมอนด์ ด้วยรักและใจสลาย เล่ม 2']/../../../../..//input[@name='product_quantity']</msg>
<status status="PASS" starttime="20240517 15:38:23.282" endtime="20240517 15:38:23.283"/>
</kw>
<kw name="Get Value" library="SeleniumLibrary">
<var>${get_value_qty_book_name}</var>
<arg>${product_book_name_qty}</arg>
<doc>Returns the value attribute of the element identified by ``locator``.</doc>
<msg timestamp="20240517 15:38:23.320" level="INFO">${get_value_qty_book_name} = 1</msg>
<status status="PASS" starttime="20240517 15:38:23.283" endtime="20240517 15:38:23.320"/>
</kw>
<kw name="Convert To String" library="BuiltIn">
<var>${product_book_name_qty}</var>
<arg>${get_value_qty_book_name}</arg>
<doc>Converts the given item to a Unicode string.</doc>
<msg timestamp="20240517 15:38:23.321" level="INFO">${product_book_name_qty} = 1</msg>
<status status="PASS" starttime="20240517 15:38:23.320" endtime="20240517 15:38:23.321"/>
</kw>
<kw name="Should Be Equal As Strings" library="BuiltIn">
<arg>${product_book_name_qty}</arg>
<arg>${qty}</arg>
<doc>Fails if objects are unequal after converting them to strings.</doc>
<msg timestamp="20240517 15:38:23.322" level="INFO">Argument types are:
&lt;class 'str'&gt;
&lt;class 'int'&gt;</msg>
<status status="PASS" starttime="20240517 15:38:23.321" endtime="20240517 15:38:23.322"/>
</kw>
<status status="PASS" starttime="20240517 15:38:23.281" endtime="20240517 15:38:23.322"/>
</kw>
<kw name="ตรวจสอบ value จำนวนหนังสือ" library="shopping_carts_page">
<arg>book_name=${bookname_2}</arg>
<arg>qty=${bookname_qty_2}</arg>
<kw name="Replace String" library="String">
<var>${product_book_name_qty}</var>
<arg>${shopping_cart_locator.get_value_qty_book}</arg>
<arg>$book_name</arg>
<arg>${book_name}</arg>
<doc>Replaces ``search_for`` in the given ``string`` with ``replace_with``.</doc>
<msg timestamp="20240517 15:38:23.325" level="INFO">${product_book_name_qty} = xpath=//strong[text()='Jojo ล่าข้ามศตวรรษ ภาค 4 เพชรแท้ไม่มีวันสลาย เล่ม 4']/../../../../..//input[@name='product_quantity']</msg>
<status status="PASS" starttime="20240517 15:38:23.324" endtime="20240517 15:38:23.325"/>
</kw>
<kw name="Get Value" library="SeleniumLibrary">
<var>${get_value_qty_book_name}</var>
<arg>${product_book_name_qty}</arg>
<doc>Returns the value attribute of the element identified by ``locator``.</doc>
<msg timestamp="20240517 15:38:23.355" level="INFO">${get_value_qty_book_name} = 1</msg>
<status status="PASS" starttime="20240517 15:38:23.325" endtime="20240517 15:38:23.355"/>
</kw>
<kw name="Convert To String" library="BuiltIn">
<var>${product_book_name_qty}</var>
<arg>${get_value_qty_book_name}</arg>
<doc>Converts the given item to a Unicode string.</doc>
<msg timestamp="20240517 15:38:23.356" level="INFO">${product_book_name_qty} = 1</msg>
<status status="PASS" starttime="20240517 15:38:23.355" endtime="20240517 15:38:23.356"/>
</kw>
<kw name="Should Be Equal As Strings" library="BuiltIn">
<arg>${product_book_name_qty}</arg>
<arg>${qty}</arg>
<doc>Fails if objects are unequal after converting them to strings.</doc>
<msg timestamp="20240517 15:38:23.357" level="INFO">Argument types are:
&lt;class 'str'&gt;
&lt;class 'int'&gt;</msg>
<status status="PASS" starttime="20240517 15:38:23.356" endtime="20240517 15:38:23.357"/>
</kw>
<status status="PASS" starttime="20240517 15:38:23.323" endtime="20240517 15:38:23.357"/>
</kw>
<kw name="ลบหนังสือทั้งหมดออกจากกระตร้าได้สำเร็จ" library="shopping_carts_page">
<arg>locator=${shopping_cart_locator.icon_delete_all_book_incart}</arg>
<kw name="Get Element Count" library="SeleniumLibrary">
<var>${count_btn_delete}</var>
<arg>${locator}</arg>
<doc>Returns the number of elements matching ``locator``.</doc>
<msg timestamp="20240517 15:38:23.382" level="INFO">${count_btn_delete} = 2</msg>
<status status="PASS" starttime="20240517 15:38:23.359" endtime="20240517 15:38:23.382"/>
</kw>
<kw name="Log" library="BuiltIn">
<arg>${count_btn_delete}</arg>
<doc>Logs the given message with the given level.</doc>
<msg timestamp="20240517 15:38:23.383" level="INFO">2</msg>
<status status="PASS" starttime="20240517 15:38:23.383" endtime="20240517 15:38:23.383"/>
</kw>
<for flavor="IN RANGE">
<var>${count_btn_delete}</var>
<value>0</value>
<value>${count_btn_delete}</value>
<iter>
<var name="${count_btn_delete}">0</var>
<kw name="Click Element" library="SeleniumLibrary">
<arg>${locator}</arg>
<doc>Click the element identified by ``locator``.</doc>
<msg timestamp="20240517 15:38:23.385" level="INFO">Clicking element 'xpath=//div//a[@class='delete-item']'.</msg>
<status status="PASS" starttime="20240517 15:38:23.384" endtime="20240517 15:38:23.493"/>
</kw>
<kw name="กดลบหนังสือออกจากตระกร้าโดยกดปุ่มยืนยันลบรายการ" library="shopping_carts_page">
<arg>${shopping_cart_locator.delete_confirm_btn}</arg>
<kw name="Wait Until Element Is Visible" library="SeleniumLibrary">
<arg>${shopping_cart_locator._pop_delete}</arg>
<arg>${timeout}</arg>
<doc>Waits until the element ``locator`` is visible.</doc>
<status status="PASS" starttime="20240517 15:38:23.495" endtime="20240517 15:38:23.771"/>
</kw>
<kw name="Click Element" library="SeleniumLibrary">
<arg>${locator}</arg>
<doc>Click the element identified by ``locator``.</doc>
<msg timestamp="20240517 15:38:23.774" level="INFO">Clicking element 'xpath=//button[contains(text(),'ใช่ ลบรายการ')]'.</msg>
<status status="PASS" starttime="20240517 15:38:23.771" endtime="20240517 15:38:23.922"/>
</kw>
<status status="PASS" starttime="20240517 15:38:23.494" endtime="20240517 15:38:23.922"/>
</kw>
<kw name="Wait Until Element Is Not Visible" library="SeleniumLibrary">
<arg>xpath=//div[@class='swal2-container swal2-center swal2-backdrop-show']</arg>
<doc>Waits until the element ``locator`` is not visible.</doc>
<status status="PASS" starttime="20240517 15:38:23.923" endtime="20240517 15:38:25.923"/>
</kw>
<status status="PASS" starttime="20240517 15:38:23.384" endtime="20240517 15:38:25.924"/>
</iter>
<iter>
<var name="${count_btn_delete}">1</var>
<kw name="Click Element" library="SeleniumLibrary">
<arg>${locator}</arg>
<doc>Click the element identified by ``locator``.</doc>
<msg timestamp="20240517 15:38:25.926" level="INFO">Clicking element 'xpath=//div//a[@class='delete-item']'.</msg>
<status status="PASS" starttime="20240517 15:38:25.924" endtime="20240517 15:38:26.015"/>
</kw>
<kw name="กดลบหนังสือออกจากตระกร้าโดยกดปุ่มยืนยันลบรายการ" library="shopping_carts_page">
<arg>${shopping_cart_locator.delete_confirm_btn}</arg>
<kw name="Wait Until Element Is Visible" library="SeleniumLibrary">
<arg>${shopping_cart_locator._pop_delete}</arg>
<arg>${timeout}</arg>
<doc>Waits until the element ``locator`` is visible.</doc>
<status status="PASS" starttime="20240517 15:38:26.016" endtime="20240517 15:38:26.277"/>
</kw>
<kw name="Click Element" library="SeleniumLibrary">
<arg>${locator}</arg>
<doc>Click the element identified by ``locator``.</doc>
<msg timestamp="20240517 15:38:26.279" level="INFO">Clicking element 'xpath=//button[contains(text(),'ใช่ ลบรายการ')]'.</msg>
<status status="PASS" starttime="20240517 15:38:26.278" endtime="20240517 15:38:26.406"/>
</kw>
<status status="PASS" starttime="20240517 15:38:26.015" endtime="20240517 15:38:26.407"/>
</kw>
<kw name="Wait Until Element Is Not Visible" library="SeleniumLibrary">
<arg>xpath=//div[@class='swal2-container swal2-center swal2-backdrop-show']</arg>
<doc>Waits until the element ``locator`` is not visible.</doc>
<status status="PASS" starttime="20240517 15:38:26.407" endtime="20240517 15:38:28.239"/>
</kw>
<status status="PASS" starttime="20240517 15:38:25.924" endtime="20240517 15:38:28.239"/>
</iter>
<status status="PASS" starttime="20240517 15:38:23.384" endtime="20240517 15:38:28.239"/>
</for>
<kw name="ตรวจสอบว่าหนังสือถูกลบและหายไปจากตระกร้า" library="shopping_carts_page">
<kw name="Wait Until Element Is Visible" library="SeleniumLibrary">
<arg>${shopping_cart_locator.cart_empty}</arg>
<arg>${timeout}</arg>
<doc>Waits until the element ``locator`` is visible.</doc>
<status status="PASS" starttime="20240517 15:38:28.241" endtime="20240517 15:38:28.273"/>
</kw>
<kw name="Get Text" library="SeleniumLibrary">
<var>${actual_text_empty_cart}</var>
<arg>${shopping_cart_locator.cart_empty}</arg>
<doc>Returns the text value of the element identified by ``locator``.</doc>
<msg timestamp="20240517 15:38:28.299" level="INFO">${actual_text_empty_cart} = ยังไม่มีรายการสินค้าในตะกร้า โปรดสั่งซื้อสินค้า</msg>
<status status="PASS" starttime="20240517 15:38:28.273" endtime="20240517 15:38:28.299"/>
</kw>
<kw name="Should Be Equal As Strings" library="BuiltIn">
<arg>${actual_text_empty_cart}</arg>
<arg>${shopping_cart_text.cart_empty}</arg>
<doc>Fails if objects are unequal after converting them to strings.</doc>
<status status="PASS" starttime="20240517 15:38:28.300" endtime="20240517 15:38:28.300"/>
</kw>
<status status="PASS" starttime="20240517 15:38:28.240" endtime="20240517 15:38:28.300"/>
</kw>
<status status="PASS" starttime="20240517 15:38:23.358" endtime="20240517 15:38:28.301"/>
</kw>
<kw name="Close Browser nejavu.com" library="common">
<kw name="Close Browser" library="SeleniumLibrary">
<doc>Closes the current browser.</doc>
<status status="PASS" starttime="20240517 15:38:28.302" endtime="20240517 15:38:30.587"/>
</kw>
<status status="PASS" starttime="20240517 15:38:28.301" endtime="20240517 15:38:30.588"/>
</kw>
<kw name="Close Browser nejavu.com" library="common" type="TEARDOWN">
<kw name="Close Browser" library="SeleniumLibrary">
<doc>Closes the current browser.</doc>
<status status="PASS" starttime="20240517 15:38:30.591" endtime="20240517 15:38:30.591"/>
</kw>
<status status="PASS" starttime="20240517 15:38:30.589" endtime="20240517 15:38:30.592"/>
</kw>
<doc>เพิ่มหนังสือในตระกร้าสินค้าจากมุมมองด่วนของ (box card) และลบหน้งสือออกจากตระกร้า not login</doc>
<tag>SHP-0002 FE shopping car</tag>
<status status="PASS" starttime="20240517 15:38:04.245" endtime="20240517 15:38:30.592"/>
</test>
<test id="s1-t3" name="SHP-0003 FE shopping car" line="55">
<kw name="ดึงข้อมูลที่ใช้ทดสอบจาก Excel (Test data)" library="common">
<var>${tc_id}</var>
<var>${td_id}</var>
<var>${bookname_1}</var>
<var>${bookname_qty_1}</var>
<var>${bookname_2}</var>
<var>${bookname_qty_2}</var>
<arg>row_index=7</arg>
<kw name="Open Excel Document" library="ExcelLibrary">
<arg>filename=${EXECDIR}\\Test-project-web-robotframework\\resouces\\testdata\\testdata_shp.xlsx</arg>
<arg>doc_id=td_shopping_cart</arg>
<doc>Opens xlsx document file.</doc>
<status status="PASS" starttime="20240517 15:38:30.607" endtime="20240517 15:38:30.641"/>
</kw>
<kw name="Read Excel Cell" library="ExcelLibrary">
<var>${tc_id}</var>
<arg>row_num=${row_index}</arg>
<arg>col_num=1</arg>
<doc>Returns content of a cell.</doc>
<msg timestamp="20240517 15:38:30.642" level="INFO">${tc_id} = SHP-0003

FE
shopping car</msg>
<status status="PASS" starttime="20240517 15:38:30.642" endtime="20240517 15:38:30.642"/>
</kw>
<kw name="Read Excel Cell" library="ExcelLibrary">
<var>${td_id}</var>
<arg>row_num=${row_index}</arg>
<arg>col_num=2</arg>
<doc>Returns content of a cell.</doc>
<msg timestamp="20240517 15:38:30.643" level="INFO">${td_id} = SHP-0001-TD-003</msg>
<status status="PASS" starttime="20240517 15:38:30.643" endtime="20240517 15:38:30.643"/>
</kw>
<kw name="Read Excel Cell" library="ExcelLibrary">
<var>${bookname_1}</var>
<arg>row_num=${row_index}</arg>
<arg>col_num=3</arg>
<doc>Returns content of a cell.</doc>
<msg timestamp="20240517 15:38:30.644" level="INFO">${bookname_1} = นินจาคาถา โอ้โฮเฮะ เล่ม 23</msg>
<status status="PASS" starttime="20240517 15:38:30.644" endtime="20240517 15:38:30.644"/>
</kw>
<kw name="Read Excel Cell" library="ExcelLibrary">
<var>${bookname_qty_1}</var>
<arg>row_num=${row_index}</arg>
<arg>col_num=4</arg>
<doc>Returns content of a cell.</doc>
<msg timestamp="20240517 15:38:30.645" level="INFO">${bookname_qty_1} = 1</msg>
<status status="PASS" starttime="20240517 15:38:30.645" endtime="20240517 15:38:30.645"/>
</kw>
<kw name="Read Excel Cell" library="ExcelLibrary">
<var>${bookname_2}</var>
<arg>row_num=${row_index}</arg>
<arg>col_num=5</arg>
<doc>Returns content of a cell.</doc>
<msg timestamp="20240517 15:38:30.646" level="INFO">${bookname_2} = นินจาคาถา โอ้โฮเฮะ เล่ม 66</msg>
<status status="PASS" starttime="20240517 15:38:30.646" endtime="20240517 15:38:30.646"/>
</kw>
<kw name="Read Excel Cell" library="ExcelLibrary">
<var>${bookname_qty_2}</var>
<arg>row_num=${row_index}</arg>
<arg>col_num=6</arg>
<doc>Returns content of a cell.</doc>
<msg timestamp="20240517 15:38:30.647" level="INFO">${bookname_qty_2} = 1</msg>
<status status="PASS" starttime="20240517 15:38:30.646" endtime="20240517 15:38:30.647"/>
</kw>
<kw name="Close All Excel Documents" library="ExcelLibrary">
<doc>Closes all opened documents.</doc>
<status status="PASS" starttime="20240517 15:38:30.647" endtime="20240517 15:38:30.648"/>
</kw>
<msg timestamp="20240517 15:38:30.648" level="INFO">${tc_id} = SHP-0003

FE
shopping car</msg>
<msg timestamp="20240517 15:38:30.648" level="INFO">${td_id} = SHP-0001-TD-003</msg>
<msg timestamp="20240517 15:38:30.649" level="INFO">${bookname_1} = นินจาคาถา โอ้โฮเฮะ เล่ม 23</msg>
<msg timestamp="20240517 15:38:30.649" level="INFO">${bookname_qty_1} = 1</msg>
<msg timestamp="20240517 15:38:30.649" level="INFO">${bookname_2} = นินจาคาถา โอ้โฮเฮะ เล่ม 66</msg>
<msg timestamp="20240517 15:38:30.649" level="INFO">${bookname_qty_2} = 1</msg>
<status status="PASS" starttime="20240517 15:38:30.606" endtime="20240517 15:38:30.649"/>
</kw>
<kw name="Open website nejavu.com" library="common">
<kw name="Open Browser" library="SeleniumLibrary">
[...]
<var>${book_detail_by_bookname}</var>
<arg>${book_cartoon_locator.btn_go_book_detail_from_bookname}</arg>
<arg>$book_name</arg>
<arg>${book_name}</arg>
<doc>Replaces ``search_for`` in the given ``string`` with ``replace_with``.</doc>
<msg timestamp="20240517 15:38:40.271" level="INFO">${book_detail_by_bookname} = xpath=//h5[contains(text(),'นินจาคาถา โอ้โฮเฮะ เล่ม 23')]</msg>
<status status="PASS" starttime="20240517 15:38:40.271" endtime="20240517 15:38:40.271"/>
</kw>
<kw name="Wait Until Element Is Visible" library="SeleniumLibrary">
<arg>${book_detail_by_bookname}</arg>
<arg>${tomeout}</arg>
<doc>Waits until the element ``locator`` is visible.</doc>
<status status="PASS" starttime="20240517 15:38:40.272" endtime="20240517 15:38:40.304"/>
</kw>
<kw name="Click Element" library="SeleniumLibrary">
<arg>${book_detail_by_bookname}</arg>
<doc>Click the element identified by ``locator``.</doc>
<msg timestamp="20240517 15:38:40.305" level="INFO">Clicking element 'xpath=//h5[contains(text(),'นินจาคาถา โอ้โฮเฮะ เล่ม 23')]'.</msg>
<status status="PASS" starttime="20240517 15:38:40.304" endtime="20240517 15:38:45.232"/>
</kw>
<status status="PASS" starttime="20240517 15:38:40.270" endtime="20240517 15:38:45.232"/>
</kw>
<kw name="Check ว่ามายังหน้ารายละเอียดหนังสือของชื่อหนังสือที่เลือกได้สำเร็จ" library="book_cartoon_detail_page">
<arg>book_name=${bookname_1}</arg>
<kw name="Replace String" library="String">
<var>${book_detail_page}</var>
<arg>${book_cartoon_detail_locator.page_check_book_detail_from_bookname}</arg>
<arg>$book_name</arg>
<arg>${book_name}</arg>
<doc>Replaces ``search_for`` in the given ``string`` with ``replace_with``.</doc>
<msg timestamp="20240517 15:38:45.234" level="INFO">${book_detail_page} = xpath=//strong[text()='นินจาคาถา โอ้โฮเฮะ เล่ม 23']</msg>
<status status="PASS" starttime="20240517 15:38:45.234" endtime="20240517 15:38:45.234"/>
</kw>
<kw name="Wait Until Element Is Visible" library="SeleniumLibrary">
<arg>${book_detail_page}</arg>
<doc>Waits until the element ``locator`` is visible.</doc>
<status status="PASS" starttime="20240517 15:38:45.235" endtime="20240517 15:38:45.278"/>
</kw>
<status status="PASS" starttime="20240517 15:38:45.233" endtime="20240517 15:38:45.278"/>
</kw>
<kw name="กดปุ่มเพิ่มหนังสือเข้าสู่ตระกร้า" library="book_cartoon_detail_page">
<kw name="Click element when read" library="common">
<arg>${book_cartoon_detail_locator.btn_add_to_cart}</arg>
<kw name="Wait Until Element Is Visible" library="SeleniumLibrary">
<arg>${locator}</arg>
<arg>${timeout}</arg>
<doc>Waits until the element ``locator`` is visible.</doc>
<status status="PASS" starttime="20240517 15:38:45.280" endtime="20240517 15:38:45.311"/>
</kw>
<kw name="Click Element" library="SeleniumLibrary">
<arg>${locator}</arg>
<doc>Click the element identified by ``locator``.</doc>
<msg timestamp="20240517 15:38:45.314" level="INFO">Clicking element 'id=add-to-cart-button'.</msg>
<status status="PASS" starttime="20240517 15:38:45.312" endtime="20240517 15:38:45.436"/>
</kw>
<status status="PASS" starttime="20240517 15:38:45.279" endtime="20240517 15:38:45.436"/>
</kw>
<status status="PASS" starttime="20240517 15:38:45.279" endtime="20240517 15:38:45.437"/>
</kw>
<kw name="ตรวจสอบแสดง alert เมื่อเพิ่มสินค้าเข้าตะกร้าได้สำเร็จ" library="main_header_page">
<arg>${header.text_alert_add_to_cart_sucess}</arg>
<arg>${header.locator_alert_add_to_cart_sucess}</arg>
<kw name="Wait Until Element Is Visible" library="SeleniumLibrary">
<arg>${locator}</arg>
<arg>${timeout}</arg>
<doc>Waits until the element ``locator`` is visible.</doc>
<status status="PASS" starttime="20240517 15:38:45.439" endtime="20240517 15:38:45.716"/>
</kw>
<kw name="Get Text" library="SeleniumLibrary">
<var>${actual_result}</var>
<arg>${locator}</arg>
<doc>Returns the text value of the element identified by ``locator``.</doc>
<msg timestamp="20240517 15:38:45.759" level="INFO">${actual_result} = เพิ่มสินค้าในตระกร้าสำเร็จ</msg>
<status status="PASS" starttime="20240517 15:38:45.717" endtime="20240517 15:38:45.759"/>
</kw>
<kw name="Log" library="BuiltIn">
<arg>${actual_result}</arg>
<doc>Logs the given message with the given level.</doc>
<msg timestamp="20240517 15:38:45.760" level="INFO">เพิ่มสินค้าในตระกร้าสำเร็จ</msg>
<status status="PASS" starttime="20240517 15:38:45.759" endtime="20240517 15:38:45.760"/>
</kw>
<kw name="Should Be Equal As Strings" library="BuiltIn">
<arg>${actual_result}</arg>
<arg>${expec_text}</arg>
<doc>Fails if objects are unequal after converting them to strings.</doc>
<status status="PASS" starttime="20240517 15:38:45.761" endtime="20240517 15:38:45.761"/>
</kw>
<status status="PASS" starttime="20240517 15:38:45.437" endtime="20240517 15:38:45.761"/>
</kw>
<kw name="ตรวจสอบจำนวนหนังสือบนไอคอนรถเข็น" library="main_header_page">
<arg>expec_qty=${header.expect_qty_to_cart_t3}</arg>
<arg>locator=${header.qty_on_cart}</arg>
<kw name="Wait Until Element Is Not Visible" library="SeleniumLibrary">
<arg>${header.locator_alert_add_to_cart_sucess}</arg>
<doc>Waits until the element ``locator`` is not visible.</doc>
<status status="PASS" starttime="20240517 15:38:45.763" endtime="20240517 15:38:47.757"/>
</kw>
<kw name="Wait Until Element Is Enabled" library="SeleniumLibrary">
<arg>${locator}</arg>
<doc>Waits until the element ``locator`` is enabled.</doc>
<status status="PASS" starttime="20240517 15:38:47.758" endtime="20240517 15:38:47.805"/>
</kw>
<kw name="Get Text" library="SeleniumLibrary">
<var>${actual_result}</var>
<arg>${locator}</arg>
<doc>Returns the text value of the element identified by ``locator``.</doc>
<msg timestamp="20240517 15:38:47.831" level="INFO">${actual_result} = 1</msg>
<status status="PASS" starttime="20240517 15:38:47.805" endtime="20240517 15:38:47.831"/>
</kw>
<kw name="Log" library="BuiltIn">
<arg>${actual_result}</arg>
<doc>Logs the given message with the given level.</doc>
<msg timestamp="20240517 15:38:47.832" level="INFO">1</msg>
<status status="PASS" starttime="20240517 15:38:47.832" endtime="20240517 15:38:47.832"/>
</kw>
<kw name="Should Be Equal As Strings" library="BuiltIn">
<arg>${actual_result}</arg>
<arg>${expec_qty}</arg>
<doc>Fails if objects are unequal after converting them to strings.</doc>
<status status="PASS" starttime="20240517 15:38:47.832" endtime="20240517 15:38:47.833"/>
</kw>
<status status="PASS" starttime="20240517 15:38:45.762" endtime="20240517 15:38:47.834"/>
</kw>
<kw name="กดไปยังหน้าตระกร้าสินค้าได้สำเร็จ" library="main_header_page">
<arg>locator=${header.icon_cart_btn}</arg>
<kw name="Wait Until Element Is Not Visible" library="SeleniumLibrary">
<arg>${header.locator_alert_add_to_cart_sucess}</arg>
<doc>Waits until the element ``locator`` is not visible.</doc>
<status status="PASS" starttime="20240517 15:38:47.836" endtime="20240517 15:38:47.852"/>
</kw>
<kw name="Wait Until Element Is Visible" library="SeleniumLibrary">
<arg>${locator}</arg>
<arg>${timeout}</arg>
<doc>Waits until the element ``locator`` is visible.</doc>
<status status="PASS" starttime="20240517 15:38:47.852" endtime="20240517 15:38:47.885"/>
</kw>
<kw name="Click element when read" library="common">
<arg>${locator}</arg>
<kw name="Wait Until Element Is Visible" library="SeleniumLibrary">
<arg>${locator}</arg>
<arg>${timeout}</arg>
<doc>Waits until the element ``locator`` is visible.</doc>
<status status="PASS" starttime="20240517 15:38:47.887" endtime="20240517 15:38:47.914"/>
</kw>
<kw name="Click Element" library="SeleniumLibrary">
<arg>${locator}</arg>
<doc>Click the element identified by ``locator``.</doc>
<msg timestamp="20240517 15:38:47.916" level="INFO">Clicking element 'xpath=//a[@href='https://www.nejavu.com/cart']//img[@class='lozad']'.</msg>
<status status="PASS" starttime="20240517 15:38:47.915" endtime="20240517 15:38:49.041"/>
</kw>
<status status="PASS" starttime="20240517 15:38:47.886" endtime="20240517 15:38:49.041"/>
</kw>
<kw name="Element Should Be Visible" library="SeleniumLibrary">
<arg>${shopping_cart_locator_page}</arg>
<doc>Verifies that the element identified by ``locator`` is visible.</doc>
<msg timestamp="20240517 15:38:49.087" level="INFO">Element 'xpath=//div[@class='mt-8 mb-4 df jcsb aic']//strong' is displayed.</msg>
<status status="PASS" starttime="20240517 15:38:49.042" endtime="20240517 15:38:49.087"/>
</kw>
<kw name="Get Text" library="SeleniumLibrary">
<var>${text_page_cart}</var>
<arg>${shopping_cart_locator_page}</arg>
<doc>Returns the text value of the element identified by ``locator``.</doc>
<msg timestamp="20240517 15:38:49.120" level="INFO">${text_page_cart} = ตะกร้าของฉัน</msg>
<status status="PASS" starttime="20240517 15:38:49.088" endtime="20240517 15:38:49.120"/>
</kw>
<kw name="Should Be Equal As Strings" library="BuiltIn">
<arg>${text_page_cart}</arg>
<arg>ตะกร้าของฉัน</arg>
<doc>Fails if objects are unequal after converting them to strings.</doc>
<status status="PASS" starttime="20240517 15:38:49.120" endtime="20240517 15:38:49.121"/>
</kw>
<status status="PASS" starttime="20240517 15:38:47.834" endtime="20240517 15:38:49.121"/>
</kw>
<kw name="ตรวจสอบหน้าตระกร้าสินค้าว่าชื่อหนังสือถูกเพิ่มเข้ามาแล้ว" library="shopping_carts_page">
<arg>book_name=${bookname_1}</arg>
<kw name="Replace String" library="String">
<var>${product_book_name}</var>
<arg>${shopping_cart_locator.product_book_name}</arg>
<arg>$book_name</arg>
<arg>${book_name}</arg>
<doc>Replaces ``search_for`` in the given ``string`` with ``replace_with``.</doc>
<msg timestamp="20240517 15:38:49.123" level="INFO">${product_book_name} = xpath=//*[contains(text(),'นินจาคาถา โอ้โฮเฮะ เล่ม 23')]//ancestor::div[@class='cart-item-detail']//p//strong</msg>
<status status="PASS" starttime="20240517 15:38:49.123" endtime="20240517 15:38:49.123"/>
</kw>
<kw name="Wait Until Element Is Visible" library="SeleniumLibrary">
<arg>${product_book_name}</arg>
<arg>${timeout}</arg>
<doc>Waits until the element ``locator`` is visible.</doc>
<status status="PASS" starttime="20240517 15:38:49.124" endtime="20240517 15:38:49.176"/>
</kw>
<kw name="Element Text Should Be" library="SeleniumLibrary">
<arg>locator= ${product_book_name}</arg>
<arg>expected=${book_name}</arg>
<doc>Verifies that element ``locator`` contains exact the text ``expected``.</doc>
<msg timestamp="20240517 15:38:49.180" level="INFO">Verifying element ' xpath=//*[contains(text(),'นินจาคาถา โอ้โฮเฮะ เล่ม 23')]//ancestor::div[@class='cart-item-detail']//p//strong' contains exact text 'นินจาคาถา โอ้โฮเฮะ เล่ม 23'.</msg>
<status status="PASS" starttime="20240517 15:38:49.177" endtime="20240517 15:38:49.216"/>
</kw>
<status status="PASS" starttime="20240517 15:38:49.122" endtime="20240517 15:38:49.216"/>
</kw>
<kw name="ตรวจสอบ value จำนวนหนังสือ" library="shopping_carts_page">
<arg>book_name=${bookname_1}</arg>
<arg>qty=${bookname_qty_1}</arg>
<kw name="Replace String" library="String">
<var>${product_book_name_qty}</var>
<arg>${shopping_cart_locator.get_value_qty_book}</arg>
<arg>$book_name</arg>
<arg>${book_name}</arg>
<doc>Replaces ``search_for`` in the given ``string`` with ``replace_with``.</doc>
<msg timestamp="20240517 15:38:49.219" level="INFO">${product_book_name_qty} = xpath=//strong[text()='นินจาคาถา โอ้โฮเฮะ เล่ม 23']/../../../../..//input[@name='product_quantity']</msg>
<status status="PASS" starttime="20240517 15:38:49.218" endtime="20240517 15:38:49.219"/>
</kw>
<kw name="Get Value" library="SeleniumLibrary">
<var>${get_value_qty_book_name}</var>
<arg>${product_book_name_qty}</arg>
<doc>Returns the value attribute of the element identified by ``locator``.</doc>
<msg timestamp="20240517 15:38:49.265" level="INFO">${get_value_qty_book_name} = 1</msg>
<status status="PASS" starttime="20240517 15:38:49.220" endtime="20240517 15:38:49.265"/>
</kw>
<kw name="Convert To String" library="BuiltIn">
<var>${product_book_name_qty}</var>
<arg>${get_value_qty_book_name}</arg>
<doc>Converts the given item to a Unicode string.</doc>
<msg timestamp="20240517 15:38:49.266" level="INFO">${product_book_name_qty} = 1</msg>
<status status="PASS" starttime="20240517 15:38:49.265" endtime="20240517 15:38:49.266"/>
</kw>
<kw name="Should Be Equal As Strings" library="BuiltIn">
<arg>${product_book_name_qty}</arg>
<arg>${qty}</arg>
<doc>Fails if objects are unequal after converting them to strings.</doc>
<msg timestamp="20240517 15:38:49.267" level="INFO">Argument types are:
&lt;class 'str'&gt;
&lt;class 'int'&gt;</msg>
<status status="PASS" starttime="20240517 15:38:49.266" endtime="20240517 15:38:49.267"/>
</kw>
<status status="PASS" starttime="20240517 15:38:49.217" endtime="20240517 15:38:49.267"/>
</kw>
<kw name="ตรวจสอบ value จำนวนหนังสือ" library="shopping_carts_page">
<arg>book_name=${bookname_1}</arg>
<arg>qty=${bookname_qty_1}</arg>
<kw name="Replace String" library="String">
<var>${product_book_name_qty}</var>
<arg>${shopping_cart_locator.get_value_qty_book}</arg>
<arg>$book_name</arg>
<arg>${book_name}</arg>
<doc>Replaces ``search_for`` in the given ``string`` with ``replace_with``.</doc>
<msg timestamp="20240517 15:38:49.270" level="INFO">${product_book_name_qty} = xpath=//strong[text()='นินจาคาถา โอ้โฮเฮะ เล่ม 23']/../../../../..//input[@name='product_quantity']</msg>
<status status="PASS" starttime="20240517 15:38:49.269" endtime="20240517 15:38:49.270"/>
</kw>
<kw name="Get Value" library="SeleniumLibrary">
<var>${get_value_qty_book_name}</var>
<arg>${product_book_name_qty}</arg>
<doc>Returns the value attribute of the element identified by ``locator``.</doc>
<msg timestamp="20240517 15:38:49.295" level="INFO">${get_value_qty_book_name} = 1</msg>
<status status="PASS" starttime="20240517 15:38:49.270" endtime="20240517 15:38:49.295"/>
</kw>
<kw name="Convert To String" library="BuiltIn">
<var>${product_book_name_qty}</var>
<arg>${get_value_qty_book_name}</arg>
<doc>Converts the given item to a Unicode string.</doc>
<msg timestamp="20240517 15:38:49.296" level="INFO">${product_book_name_qty} = 1</msg>
<status status="PASS" starttime="20240517 15:38:49.296" endtime="20240517 15:38:49.296"/>
</kw>
<kw name="Should Be Equal As Strings" library="BuiltIn">
<arg>${product_book_name_qty}</arg>
<arg>${qty}</arg>
<doc>Fails if objects are unequal after converting them to strings.</doc>
<msg timestamp="20240517 15:38:49.297" level="INFO">Argument types are:
&lt;class 'str'&gt;
&lt;class 'int'&gt;</msg>
<status status="PASS" starttime="20240517 15:38:49.297" endtime="20240517 15:38:49.298"/>
</kw>
<status status="PASS" starttime="20240517 15:38:49.268" endtime="20240517 15:38:49.298"/>
</kw>
<kw name="ลบหนังสือทั้งหมดออกจากกระตร้าได้สำเร็จ" library="shopping_carts_page">
<arg>locator=${shopping_cart_locator.icon_delete_all_book_incart}</arg>
<kw name="Get Element Count" library="SeleniumLibrary">
<var>${count_btn_delete}</var>
<arg>${locator}</arg>
<doc>Returns the number of elements matching ``locator``.</doc>
<msg timestamp="20240517 15:38:49.322" level="INFO">${count_btn_delete} = 1</msg>
<status status="PASS" starttime="20240517 15:38:49.299" endtime="20240517 15:38:49.322"/>
</kw>
<kw name="Log" library="BuiltIn">
<arg>${count_btn_delete}</arg>
<doc>Logs the given message with the given level.</doc>
<msg timestamp="20240517 15:38:49.324" level="INFO">1</msg>
<status status="PASS" starttime="20240517 15:38:49.323" endtime="20240517 15:38:49.324"/>
</kw>
<for flavor="IN RANGE">
<var>${count_btn_delete}</var>
<value>0</value>
<value>${count_btn_delete}</value>
<iter>
<var name="${count_btn_delete}">0</var>
<kw name="Click Element" library="SeleniumLibrary">
<arg>${locator}</arg>
<doc>Click the element identified by ``locator``.</doc>
<msg timestamp="20240517 15:38:49.327" level="INFO">Clicking element 'xpath=//div//a[@class='delete-item']'.</msg>
<status status="PASS" starttime="20240517 15:38:49.325" endtime="20240517 15:38:49.416"/>
</kw>
<kw name="กดลบหนังสือออกจากตระกร้าโดยกดปุ่มยืนยันลบรายการ" library="shopping_carts_page">
<arg>${shopping_cart_locator.delete_confirm_btn}</arg>
<kw name="Wait Until Element Is Visible" library="SeleniumLibrary">
<arg>${shopping_cart_locator._pop_delete}</arg>
<arg>${timeout}</arg>
<doc>Waits until the element ``locator`` is visible.</doc>
<status status="PASS" starttime="20240517 15:38:49.417" endtime="20240517 15:38:49.683"/>
</kw>
<kw name="Click Element" library="SeleniumLibrary">
<arg>${locator}</arg>
<doc>Click the element identified by ``locator``.</doc>
<msg timestamp="20240517 15:38:49.685" level="INFO">Clicking element 'xpath=//button[contains(text(),'ใช่ ลบรายการ')]'.</msg>
<status status="PASS" starttime="20240517 15:38:49.684" endtime="20240517 15:38:49.811"/>
</kw>
<status status="PASS" starttime="20240517 15:38:49.416" endtime="20240517 15:38:49.811"/>
</kw>
<kw name="Wait Until Element Is Not Visible" library="SeleniumLibrary">
<arg>xpath=//div[@class='swal2-container swal2-center swal2-backdrop-show']</arg>
<doc>Waits until the element ``locator`` is not visible.</doc>
<status status="PASS" starttime="20240517 15:38:49.812" endtime="20240517 15:38:51.499"/>
</kw>
<status status="PASS" starttime="20240517 15:38:49.325" endtime="20240517 15:38:51.499"/>
</iter>
<status status="PASS" starttime="20240517 15:38:49.324" endtime="20240517 15:38:51.499"/>
</for>
<kw name="ตรวจสอบว่าหนังสือถูกลบและหายไปจากตระกร้า" library="shopping_carts_page">
<kw name="Wait Until Element Is Visible" library="SeleniumLibrary">
<arg>${shopping_cart_locator.cart_empty}</arg>
<arg>${timeout}</arg>
<doc>Waits until the element ``locator`` is visible.</doc>
<status status="PASS" starttime="20240517 15:38:51.501" endtime="20240517 15:38:51.540"/>
</kw>
<kw name="Get Text" library="SeleniumLibrary">
<var>${actual_text_empty_cart}</var>
<arg>${shopping_cart_locator.cart_empty}</arg>
<doc>Returns the text value of the element identified by ``locator``.</doc>
<msg timestamp="20240517 15:38:51.578" level="INFO">${actual_text_empty_cart} = ยังไม่มีรายการสินค้าในตะกร้า โปรดสั่งซื้อสินค้า</msg>
<status status="PASS" starttime="20240517 15:38:51.540" endtime="20240517 15:38:51.578"/>
</kw>
<kw name="Should Be Equal As Strings" library="BuiltIn">
<arg>${actual_text_empty_cart}</arg>
<arg>${shopping_cart_text.cart_empty}</arg>
<doc>Fails if objects are unequal after converting them to strings.</doc>
<status status="PASS" starttime="20240517 15:38:51.578" endtime="20240517 15:38:51.579"/>
</kw>
<status status="PASS" starttime="20240517 15:38:51.499" endtime="20240517 15:38:51.579"/>
</kw>
<status status="PASS" starttime="20240517 15:38:49.298" endtime="20240517 15:38:51.579"/>
</kw>
<kw name="Close Browser nejavu.com" library="common">
<kw name="Close Browser" library="SeleniumLibrary">
<doc>Closes the current browser.</doc>
<status status="PASS" starttime="20240517 15:38:51.580" endtime="20240517 15:38:53.878"/>
</kw>
<status status="PASS" starttime="20240517 15:38:51.579" endtime="20240517 15:38:53.879"/>
</kw>
<kw name="Close Browser nejavu.com" library="common" type="TEARDOWN">
<kw name="Close Browser" library="SeleniumLibrary">
<doc>Closes the current browser.</doc>
<status status="PASS" starttime="20240517 15:38:53.881" endtime="20240517 15:38:53.881"/>
</kw>
<status status="PASS" starttime="20240517 15:38:53.879" endtime="20240517 15:38:53.881"/>
</kw>
<doc>เพิ่มหนังสือในตระกร้าสินค้าหน้าจากรายละเอียดของหนังสือ และลบหน้งสือออกจากตระกร้า not login</doc>
<tag>SHP-0003 FE shopping car</tag>
<status status="PASS" starttime="20240517 15:38:30.593" endtime="20240517 15:38:53.881"/>
</test>
<status status="PASS" starttime="20240517 15:37:36.100" endtime="20240517 15:38:53.882"/>
</suite>
<statistics>
<total>
<stat pass="3" fail="0" skip="0">All Tests</stat>
</total>
<tag>
<stat pass="1" fail="0" skip="0">SHP-0001 FE shopping car</stat>
<stat pass="1" fail="0" skip="0">SHP-0002 FE shopping car</stat>
<stat pass="1" fail="0" skip="0">SHP-0003 FE shopping car</stat>
</tag>
<suite>
<stat pass="3" fail="0" skip="0" id="s1" name="Tc Shopping Carts Scripts">Tc Shopping Carts Scripts</stat>
</suite>
</statistics>
<errors>
</errors>
</robot>
