<?xml version="1.0" encoding="UTF-8"?>
<robot generator="Robot 5.0 (Python 3.12.4 on darwin)" generated="20250226 13:10:50.076" rpa="false" schemaversion="3">
<suite id="s1" name="Login-Test" source="/Users/phuwarit.t/Documents/GitHub/demo-automation-test-phuwarit/robot-framework-mobile-automation-demo/test-cases/login-test.robot">
<test id="s1-t1" name="Verify That A User Can Login To The Application Using Valid Credentials" line="12">
<kw name="Open Test Application" type="SETUP">
<msg timestamp="20250226 13:10:50.088" level="FAIL">No keyword with name 'Open Test Application' found.</msg>
<status status="FAIL" starttime="20250226 13:10:50.088" endtime="20250226 13:10:50.088"/>
</kw>
<kw name="Close Application" type="TEARDOWN">
<msg timestamp="20250226 13:10:50.088" level="FAIL">No keyword with name 'Close Application' found.</msg>
<status status="FAIL" starttime="20250226 13:10:50.088" endtime="20250226 13:10:50.088">No keyword with name 'Close Application' found.</status>
</kw>
<tag>Smoke</tag>
<status status="FAIL" starttime="20250226 13:10:50.087" endtime="20250226 13:10:50.089">Setup failed:
No keyword with name 'Open Test Application' found.

Also teardown failed:
No keyword with name 'Close Application' found.</status>
</test>
<status status="FAIL" starttime="20250226 13:10:50.077" endtime="20250226 13:10:50.089"/>
</suite>
<statistics>
<total>
<stat pass="0" fail="1" skip="0">All Tests</stat>
</total>
<tag>
<stat pass="0" fail="1" skip="0">Smoke</stat>
</tag>
<suite>
<stat pass="0" fail="1" skip="0" id="s1" name="Login-Test">Login-Test</stat>
</suite>
</statistics>
<errors>
<msg timestamp="20250226 13:10:50.087" level="ERROR">Error in file '/Users/phuwarit.t/Documents/GitHub/demo-automation-test-phuwarit/robot-framework-mobile-automation-demo/test-cases/login-test.robot' on line 2: Resource file '../../object-repository/page-objects/NavigationBarPo.robot' does not exist.</msg>
<msg timestamp="20250226 13:10:50.087" level="ERROR">Error in file '/Users/phuwarit.t/Documents/GitHub/demo-automation-test-phuwarit/robot-framework-mobile-automation-demo/test-cases/login-test.robot' on line 3: Resource file '../../object-repository/page-objects/LoginScreenPo.robot' does not exist.</msg>
<msg timestamp="20250226 13:10:50.087" level="ERROR">Error in file '/Users/phuwarit.t/Documents/GitHub/demo-automation-test-phuwarit/robot-framework-mobile-automation-demo/test-cases/login-test.robot' on line 4: Resource file '../../constants/LoginConstants.robot' does not exist.</msg>
<msg timestamp="20250226 13:10:50.087" level="ERROR">Error in file '/Users/phuwarit.t/Documents/GitHub/demo-automation-test-phuwarit/robot-framework-mobile-automation-demo/test-cases/login-test.robot' on line 5: Resource file '../../constants/AlertConstants.robot' does not exist.</msg>
</errors>
</robot>
