<?xml version="1.0" encoding="UTF-8"?>
<robot generator="Rebot 5.0 (Python 3.12.4 on darwin)" generated="20250226 13:21:25.586" rpa="false" schemaversion="3">
<suite id="s1" name="Test-Cases" source="/Users/phuwarit.t/Documents/GitHub/demo-automation-test-phuwarit/robot-mobile/test-cases">
<suite id="s1-s1" name="Login-Test" source="/Users/phuwarit.t/Documents/GitHub/demo-automation-test-phuwarit/robot-mobile/test-cases/login-test.robot">
<test id="s1-s1-t1" name="Verify That A User Can Login To The Application Using Valid Credentials" line="12">
<kw name="Open Test Application" library="CommonPo" type="SETUP">
<doc>Open the testing application</doc>
<kw name="Run Keyword If" library="BuiltIn">
<arg>'${PLATFORM_NAME}' == '${ANDROID_PLATFORM_NAME}'</arg>
<arg>Open Android Application</arg>
<doc>Runs the given keyword with the given arguments, if ``condition`` is true.</doc>
<kw name="Open Android Application" library="CommonPo">
<doc>Open the Android application</doc>
<kw name="Open Application" library="AppiumLibrary">
<arg>${APPIUM_SERVER_URL}</arg>
<arg>automationName=${ANDROID_AUTOMATION_NAME}</arg>
<arg>platformName=${ANDROID_PLATFORM_NAME}</arg>
<arg>platformVersion=${ANDROID_PLATFORM_VERSION}</arg>
<arg>deviceName=${ANDROID_DEVICE_NAME}</arg>
<arg>app=${ANDROID_APP}</arg>
<arg>appPackage=${ANDROID_APP_PACKAGE}</arg>
<arg>appActivity=${ANDROID_APP_ACTIVITY}</arg>
<doc>Opens a new application to given Appium server.
Capabilities of appium server, Android and iOS,
Please check https://appium.io/docs/en/2.1/cli/args/
| *Option*            | *Man.* | *Description*     |
| remote_url          | Yes    | Appium server url |
| alias               | no     | alias             |
| strict_ssl          | No     | allows you to send commands to an invalid certificate host like a self-signed one. |</doc>
<status status="PASS" starttime="20250226 13:21:04.533" endtime="20250226 13:21:08.049"/>
</kw>
<kw name="Set Appium Timeout" library="AppiumLibrary">
<arg>${TIMEOUT}</arg>
<doc>Sets the timeout in seconds used by various keywords.</doc>
<status status="PASS" starttime="20250226 13:21:08.054" endtime="20250226 13:21:08.055"/>
</kw>
<status status="PASS" starttime="20250226 13:21:04.533" endtime="20250226 13:21:08.056"/>
</kw>
<status status="PASS" starttime="20250226 13:21:04.533" endtime="20250226 13:21:08.056"/>
</kw>
<kw name="Run Keyword If" library="BuiltIn">
<arg>'${PLATFORM_NAME}' == '${IOS_PLATFORM_NAME}'</arg>
<arg>Open IOS Application</arg>
<doc>Runs the given keyword with the given arguments, if ``condition`` is true.</doc>
<status status="PASS" starttime="20250226 13:21:08.059" endtime="20250226 13:21:08.059"/>
</kw>
<status status="PASS" starttime="20250226 13:21:04.533" endtime="20250226 13:21:08.060"/>
</kw>
<kw name="Navigate To Login Screen" library="NavigationBarPo">
<kw name="Click Element [Arguments] ${loginIcon} ${SMALL_RETRY_COUNT}" library="CommonPo" sourcename="Click Element [Arguments] ${locator} ${retryScale}">
<doc>Click on a given button</doc>
<kw name="Wait Until Keyword Succeeds" library="BuiltIn">
<arg>${retryScale}</arg>
<arg>${RETRY_DELAY}</arg>
<arg>Wait Until Element Is Visible</arg>
<arg>${locator}</arg>
<doc>Runs the specified keyword and retries if it fails.</doc>
<kw name="Wait Until Element Is Visible" library="AppiumLibrary">
<arg>${locator}</arg>
<doc>Waits until element specified with `locator` is visible.</doc>
<status status="PASS" starttime="20250226 13:21:08.062" endtime="20250226 13:21:08.827"/>
</kw>
<status status="PASS" starttime="20250226 13:21:08.062" endtime="20250226 13:21:08.827"/>
</kw>
<kw name="Wait Until Keyword Succeeds" library="BuiltIn">
<arg>${retryScale}</arg>
<arg>${RETRY_DELAY}</arg>
<arg>Click Element</arg>
<arg>${locator}</arg>
<doc>Runs the specified keyword and retries if it fails.</doc>
<kw name="Click Element" library="AppiumLibrary">
<arg>${locator}</arg>
<doc>Click element identified by `locator`.</doc>
<msg timestamp="20250226 13:21:08.831" level="INFO">Clicking element 'accessibility_id=Login'.</msg>
<status status="PASS" starttime="20250226 13:21:08.828" endtime="20250226 13:21:08.914"/>
</kw>
<status status="PASS" starttime="20250226 13:21:08.827" endtime="20250226 13:21:08.914"/>
</kw>
<status status="PASS" starttime="20250226 13:21:08.061" endtime="20250226 13:21:08.915"/>
</kw>
<status status="PASS" starttime="20250226 13:21:08.060" endtime="20250226 13:21:08.915"/>
</kw>
<kw name="Login To The Application [Arguments] ${EMAIL_ADDRESS} ${PASSWORD}" library="LoginScreenPo" sourcename="Login To The Application [Arguments] ${emailAddress} ${password}">
<kw name="Input Email Address [Arguments] ${emailAddress}" library="LoginScreenPo" sourcename="Input Email Address [Arguments] ${emailAddress}">
<kw name="Input Text [Arguments] ${emailAddressTextbox} ${emailAddress} ${SMALL_RETRY_COUNT}" library="CommonPo" sourcename="Input Text [Arguments] ${textBoxLocator} ${text} ${retryScale}">
<doc>Input text into a text box</doc>
<kw name="Wait Until Keyword Succeeds" library="BuiltIn">
<arg>${retryScale}</arg>
<arg>${RETRY_DELAY}</arg>
<arg>Wait Until Element Is Visible</arg>
<arg>${textBoxLocator}</arg>
<doc>Runs the specified keyword and retries if it fails.</doc>
<kw name="Wait Until Element Is Visible" library="AppiumLibrary">
<arg>${textBoxLocator}</arg>
<doc>Waits until element specified with `locator` is visible.</doc>
<status status="PASS" starttime="20250226 13:21:08.922" endtime="20250226 13:21:09.620"/>
</kw>
<status status="PASS" starttime="20250226 13:21:08.921" endtime="20250226 13:21:09.620"/>
</kw>
<kw name="Wait Until Keyword Succeeds" library="BuiltIn">
<arg>${retryScale}</arg>
<arg>${RETRY_DELAY}</arg>
<arg>Input Text</arg>
<arg>${textBoxLocator}</arg>
<arg>${text}</arg>
<doc>Runs the specified keyword and retries if it fails.</doc>
<kw name="Input Text" library="AppiumLibrary">
<arg>${textBoxLocator}</arg>
<arg>${text}</arg>
<doc>Types the given `text` into text field identified by `locator`.</doc>
<msg timestamp="20250226 13:21:09.625" level="INFO">Typing text 'osanda@mailinator.com' into text field 'accessibility_id=input-email'</msg>
<status status="PASS" starttime="20250226 13:21:09.621" endtime="20250226 13:21:10.179"/>
</kw>
<status status="PASS" starttime="20250226 13:21:09.621" endtime="20250226 13:21:10.179"/>
</kw>
<status status="PASS" starttime="20250226 13:21:08.920" endtime="20250226 13:21:10.179"/>
</kw>
<status status="PASS" starttime="20250226 13:21:08.920" endtime="20250226 13:21:10.180"/>
</kw>
<kw name="Input Password [Arguments] ${password}" library="LoginScreenPo" sourcename="Input Password [Arguments] ${password}">
<kw name="Input Text [Arguments] ${passwordTextbox} ${password} ${SMALL_RETRY_COUNT}" library="CommonPo" sourcename="Input Text [Arguments] ${textBoxLocator} ${text} ${retryScale}">
<doc>Input text into a text box</doc>
<kw name="Wait Until Keyword Succeeds" library="BuiltIn">
<arg>${retryScale}</arg>
<arg>${RETRY_DELAY}</arg>
<arg>Wait Until Element Is Visible</arg>
<arg>${textBoxLocator}</arg>
<doc>Runs the specified keyword and retries if it fails.</doc>
<kw name="Wait Until Element Is Visible" library="AppiumLibrary">
<arg>${textBoxLocator}</arg>
<doc>Waits until element specified with `locator` is visible.</doc>
<status status="PASS" starttime="20250226 13:21:10.182" endtime="20250226 13:21:10.865"/>
</kw>
<status status="PASS" starttime="20250226 13:21:10.182" endtime="20250226 13:21:10.865"/>
</kw>
<kw name="Wait Until Keyword Succeeds" library="BuiltIn">
<arg>${retryScale}</arg>
<arg>${RETRY_DELAY}</arg>
<arg>Input Text</arg>
<arg>${textBoxLocator}</arg>
<arg>${text}</arg>
<doc>Runs the specified keyword and retries if it fails.</doc>
<kw name="Input Text" library="AppiumLibrary">
<arg>${textBoxLocator}</arg>
<arg>${text}</arg>
<doc>Types the given `text` into text field identified by `locator`.</doc>
<msg timestamp="20250226 13:21:10.870" level="INFO">Typing text 'osanda@SL' into text field 'accessibility_id=input-password'</msg>
<status status="PASS" starttime="20250226 13:21:10.867" endtime="20250226 13:21:11.427"/>
</kw>
<status status="PASS" starttime="20250226 13:21:10.866" endtime="20250226 13:21:11.428"/>
</kw>
<status status="PASS" starttime="20250226 13:21:10.181" endtime="20250226 13:21:11.429"/>
</kw>
<status status="PASS" starttime="20250226 13:21:10.180" endtime="20250226 13:21:11.429"/>
</kw>
<kw name="Click On The 'LOGIN' Button" library="LoginScreenPo">
<kw name="Click Element [Arguments] ${loginButton} ${SMALL_RETRY_COUNT}" library="CommonPo" sourcename="Click Element [Arguments] ${locator} ${retryScale}">
<doc>Click on a given button</doc>
<kw name="Wait Until Keyword Succeeds" library="BuiltIn">
<arg>${retryScale}</arg>
<arg>${RETRY_DELAY}</arg>
<arg>Wait Until Element Is Visible</arg>
<arg>${locator}</arg>
<doc>Runs the specified keyword and retries if it fails.</doc>
<kw name="Wait Until Element Is Visible" library="AppiumLibrary">
<arg>${locator}</arg>
<doc>Waits until element specified with `locator` is visible.</doc>
<status status="PASS" starttime="20250226 13:21:11.431" endtime="20250226 13:21:12.444"/>
</kw>
<status status="PASS" starttime="20250226 13:21:11.431" endtime="20250226 13:21:12.444"/>
</kw>
<kw name="Wait Until Keyword Succeeds" library="BuiltIn">
<arg>${retryScale}</arg>
<arg>${RETRY_DELAY}</arg>
<arg>Click Element</arg>
<arg>${locator}</arg>
<doc>Runs the specified keyword and retries if it fails.</doc>
<kw name="Click Element" library="AppiumLibrary">
<arg>${locator}</arg>
<doc>Click element identified by `locator`.</doc>
<msg timestamp="20250226 13:21:12.449" level="INFO">Clicking element 'accessibility_id=button-LOGIN'.</msg>
<status status="PASS" starttime="20250226 13:21:12.445" endtime="20250226 13:21:12.531"/>
</kw>
<status status="PASS" starttime="20250226 13:21:12.444" endtime="20250226 13:21:12.531"/>
</kw>
<status status="PASS" starttime="20250226 13:21:11.430" endtime="20250226 13:21:12.531"/>
</kw>
<status status="PASS" starttime="20250226 13:21:11.429" endtime="20250226 13:21:12.532"/>
</kw>
<status status="PASS" starttime="20250226 13:21:08.919" endtime="20250226 13:21:12.532"/>
</kw>
<kw name="Alert Title Should Be [Arguments] ${LOGIN_SUCCESS_ALERT_TITLE}" library="CommonPo" sourcename="Alert Title Should Be [Arguments] ${alertTitle}">
<doc>Validate the text of the alert title</doc>
<kw name="Set Variable" library="BuiltIn">
<var>${androidAlertTitleLocator}</var>
<arg>id=android:id/alertTitle</arg>
<doc>Returns the given values which can then be assigned to a variables.</doc>
<msg timestamp="20250226 13:21:12.534" level="INFO">${androidAlertTitleLocator} = id=android:id/alertTitle</msg>
<status status="PASS" starttime="20250226 13:21:12.533" endtime="20250226 13:21:12.534"/>
</kw>
<kw name="Run Keyword If" library="BuiltIn">
<arg>'${PLATFORM_NAME}' == '${ANDROID_PLATFORM_NAME}'</arg>
<arg>Element Text Should Be [Arguments] ${androidAlertTitleLocator} ${alertTitle} ${SMALL_RETRY_COUNT}</arg>
<doc>Runs the given keyword with the given arguments, if ``condition`` is true.</doc>
<kw name="Element Text Should Be [Arguments] id=android:id/alertTitle Success 2x" library="CommonPo" sourcename="Element Text Should Be [Arguments] ${locator} ${text} ${retryScale}">
<doc>Validate the text of an element</doc>
<kw name="Wait Until Keyword Succeeds" library="BuiltIn">
<arg>${retryScale}</arg>
<arg>${RETRY_DELAY}</arg>
<arg>Wait Until Element Is Visible</arg>
<arg>${locator}</arg>
<doc>Runs the specified keyword and retries if it fails.</doc>
<kw name="Wait Until Element Is Visible" library="AppiumLibrary">
<arg>${locator}</arg>
<doc>Waits until element specified with `locator` is visible.</doc>
<msg timestamp="20250226 13:21:14.630" level="INFO">criteria is android:id/alertTitle
criteria is android:id/alertTitle
criteria is android:id/alertTitle
criteria is android:id/alertTitle
criteria is android:id/alertTitle</msg>
<status status="PASS" starttime="20250226 13:21:12.535" endtime="20250226 13:21:14.630"/>
</kw>
<status status="PASS" starttime="20250226 13:21:12.535" endtime="20250226 13:21:14.630"/>
</kw>
<kw name="Wait Until Keyword Succeeds" library="BuiltIn">
<arg>${retryScale}</arg>
<arg>${RETRY_DELAY}</arg>
<arg>Element Text Should Be</arg>
<arg>${locator}</arg>
<arg>${text}</arg>
<doc>Runs the specified keyword and retries if it fails.</doc>
<kw name="Element Text Should Be" library="AppiumLibrary">
<arg>${locator}</arg>
<arg>${text}</arg>
<doc>Verifies element identified by ``locator`` exactly contains text ``expected``.</doc>
<msg timestamp="20250226 13:21:14.635" level="INFO">Verifying element 'id=android:id/alertTitle' contains exactly text 'Success'.</msg>
<msg timestamp="20250226 13:21:14.666" level="INFO">criteria is android:id/alertTitle</msg>
<status status="PASS" starttime="20250226 13:21:14.632" endtime="20250226 13:21:14.666"/>
</kw>
<status status="PASS" starttime="20250226 13:21:14.631" endtime="20250226 13:21:14.666"/>
</kw>
<status status="PASS" starttime="20250226 13:21:12.534" endtime="20250226 13:21:14.667"/>
</kw>
<status status="PASS" starttime="20250226 13:21:12.534" endtime="20250226 13:21:14.667"/>
</kw>
<kw name="Set Variable" library="BuiltIn">
<var>${iosAlertTitleLocator}</var>
<arg>accessibility_id=${alertTitle}</arg>
<doc>Returns the given values which can then be assigned to a variables.</doc>
<msg timestamp="20250226 13:21:14.668" level="INFO">${iosAlertTitleLocator} = accessibility_id=Success</msg>
<status status="PASS" starttime="20250226 13:21:14.667" endtime="20250226 13:21:14.668"/>
</kw>
<kw name="Run Keyword If" library="BuiltIn">
<arg>'${PLATFORM_NAME}' == '${IOS_PLATFORM_NAME}'</arg>
<arg>Element Should Be Visible [Arguments] ${iosAlertTitleLocator} ${SMALL_RETRY_COUNT}</arg>
<doc>Runs the given keyword with the given arguments, if ``condition`` is true.</doc>
<status status="PASS" starttime="20250226 13:21:14.668" endtime="20250226 13:21:14.668"/>
</kw>
<status status="PASS" starttime="20250226 13:21:12.532" endtime="20250226 13:21:14.669"/>
</kw>
<kw name="Alert Message Should Be [Arguments] ${LOGIN_SUCCESS_ALERT_MESSAGE}" library="CommonPo" sourcename="Alert Message Should Be [Arguments] ${alertMessage}">
<doc>Validate the text of the alert message</doc>
<kw name="Set Variable" library="BuiltIn">
<var>${androidAlertMessageLocator}</var>
<arg>id=android:id/message</arg>
<doc>Returns the given values which can then be assigned to a variables.</doc>
<msg timestamp="20250226 13:21:14.669" level="INFO">${androidAlertMessageLocator} = id=android:id/message</msg>
<status status="PASS" starttime="20250226 13:21:14.669" endtime="20250226 13:21:14.669"/>
</kw>
<kw name="Set Variable" library="BuiltIn">
<var>${iosAlertMessageLocator}</var>
<arg>accessibility_id=${alertMessage}</arg>
<doc>Returns the given values which can then be assigned to a variables.</doc>
<msg timestamp="20250226 13:21:14.670" level="INFO">${iosAlertMessageLocator} = accessibility_id=You are logged in!</msg>
<status status="PASS" starttime="20250226 13:21:14.670" endtime="20250226 13:21:14.670"/>
</kw>
<status status="PASS" starttime="20250226 13:21:14.669" endtime="20250226 13:21:14.670"/>
</kw>
<kw name="Close Application" library="AppiumLibrary" type="TEARDOWN">
<doc>Closes the current application and also close webdriver session.</doc>
<status status="PASS" starttime="20250226 13:21:14.670" endtime="20250226 13:21:14.858"/>
</kw>
<tag>Smoke</tag>
<status status="PASS" starttime="20250226 13:21:04.533" endtime="20250226 13:21:14.859"/>
</test>
<status status="PASS" starttime="20250226 13:21:04.447" endtime="20250226 13:21:14.859"/>
</suite>
<suite id="s1-s2" name="Signup-Test" source="/Users/phuwarit.t/Documents/GitHub/demo-automation-test-phuwarit/robot-mobile/test-cases/signup-test.robot">
<test id="s1-s2-t1" name="Verify That A New User Can Sign Up To The Application" line="12">
<kw name="Open Test Application" library="CommonPo" type="SETUP">
<doc>Open the testing application</doc>
<kw name="Run Keyword If" library="BuiltIn">
<arg>'${PLATFORM_NAME}' == '${ANDROID_PLATFORM_NAME}'</arg>
<arg>Open Android Application</arg>
<doc>Runs the given keyword with the given arguments, if ``condition`` is true.</doc>
<kw name="Open Android Application" library="CommonPo">
<doc>Open the Android application</doc>
<kw name="Open Application" library="AppiumLibrary">
<arg>${APPIUM_SERVER_URL}</arg>
<arg>automationName=${ANDROID_AUTOMATION_NAME}</arg>
<arg>platformName=${ANDROID_PLATFORM_NAME}</arg>
<arg>platformVersion=${ANDROID_PLATFORM_VERSION}</arg>
<arg>deviceName=${ANDROID_DEVICE_NAME}</arg>
<arg>app=${ANDROID_APP}</arg>
<arg>appPackage=${ANDROID_APP_PACKAGE}</arg>
<arg>appActivity=${ANDROID_APP_ACTIVITY}</arg>
<doc>Opens a new application to given Appium server.
Capabilities of appium server, Android and iOS,
Please check https://appium.io/docs/en/2.1/cli/args/
| *Option*            | *Man.* | *Description*     |
| remote_url          | Yes    | Appium server url |
| alias               | no     | alias             |
| strict_ssl          | No     | allows you to send commands to an invalid certificate host like a self-signed one. |</doc>
<status status="PASS" starttime="20250226 13:21:15.392" endtime="20250226 13:21:18.939"/>
</kw>
<kw name="Set Appium Timeout" library="AppiumLibrary">
<arg>${TIMEOUT}</arg>
<doc>Sets the timeout in seconds used by various keywords.</doc>
<status status="PASS" starttime="20250226 13:21:18.940" endtime="20250226 13:21:18.941"/>
</kw>
<status status="PASS" starttime="20250226 13:21:15.392" endtime="20250226 13:21:18.941"/>
</kw>
<status status="PASS" starttime="20250226 13:21:15.392" endtime="20250226 13:21:18.941"/>
</kw>
<kw name="Run Keyword If" library="BuiltIn">
<arg>'${PLATFORM_NAME}' == '${IOS_PLATFORM_NAME}'</arg>
<arg>Open IOS Application</arg>
<doc>Runs the given keyword with the given arguments, if ``condition`` is true.</doc>
<status status="PASS" starttime="20250226 13:21:18.942" endtime="20250226 13:21:18.944"/>
</kw>
<status status="PASS" starttime="20250226 13:21:15.392" endtime="20250226 13:21:18.944"/>
</kw>
<kw name="Navigate To Login Screen" library="NavigationBarPo">
<kw name="Click Element [Arguments] ${loginIcon} ${SMALL_RETRY_COUNT}" library="CommonPo" sourcename="Click Element [Arguments] ${locator} ${retryScale}">
<doc>Click on a given button</doc>
<kw name="Wait Until Keyword Succeeds" library="BuiltIn">
<arg>${retryScale}</arg>
<arg>${RETRY_DELAY}</arg>
<arg>Wait Until Element Is Visible</arg>
<arg>${locator}</arg>
<doc>Runs the specified keyword and retries if it fails.</doc>
<kw name="Wait Until Element Is Visible" library="AppiumLibrary">
<arg>${locator}</arg>
<doc>Waits until element specified with `locator` is visible.</doc>
<status status="PASS" starttime="20250226 13:21:18.949" endtime="20250226 13:21:19.705"/>
</kw>
<status status="PASS" starttime="20250226 13:21:18.947" endtime="20250226 13:21:19.705"/>
</kw>
<kw name="Wait Until Keyword Succeeds" library="BuiltIn">
<arg>${retryScale}</arg>
<arg>${RETRY_DELAY}</arg>
<arg>Click Element</arg>
<arg>${locator}</arg>
<doc>Runs the specified keyword and retries if it fails.</doc>
<kw name="Click Element" library="AppiumLibrary">
<arg>${locator}</arg>
<doc>Click element identified by `locator`.</doc>
<msg timestamp="20250226 13:21:19.709" level="INFO">Clicking element 'accessibility_id=Login'.</msg>
<status status="PASS" starttime="20250226 13:21:19.707" endtime="20250226 13:21:19.784"/>
</kw>
<status status="PASS" starttime="20250226 13:21:19.706" endtime="20250226 13:21:19.784"/>
</kw>
<status status="PASS" starttime="20250226 13:21:18.946" endtime="20250226 13:21:19.784"/>
</kw>
<status status="PASS" starttime="20250226 13:21:18.945" endtime="20250226 13:21:19.785"/>
</kw>
<kw name="Click On The 'Sign up' Container" library="LoginScreenPo">
<kw name="Click Element [Arguments] ${signupContainer} ${SMALL_RETRY_COUNT}" library="CommonPo" sourcename="Click Element [Arguments] ${locator} ${retryScale}">
<doc>Click on a given button</doc>
<kw name="Wait Until Keyword Succeeds" library="BuiltIn">
<arg>${retryScale}</arg>
<arg>${RETRY_DELAY}</arg>
<arg>Wait Until Element Is Visible</arg>
<arg>${locator}</arg>
<doc>Runs the specified keyword and retries if it fails.</doc>
<kw name="Wait Until Element Is Visible" library="AppiumLibrary">
<arg>${locator}</arg>
<doc>Waits until element specified with `locator` is visible.</doc>
<status status="PASS" starttime="20250226 13:21:19.786" endtime="20250226 13:21:20.475"/>
</kw>
<status status="PASS" starttime="20250226 13:21:19.786" endtime="20250226 13:21:20.476"/>
</kw>
<kw name="Wait Until Keyword Succeeds" library="BuiltIn">
<arg>${retryScale}</arg>
<arg>${RETRY_DELAY}</arg>
<arg>Click Element</arg>
<arg>${locator}</arg>
<doc>Runs the specified keyword and retries if it fails.</doc>
<kw name="Click Element" library="AppiumLibrary">
<arg>${locator}</arg>
<doc>Click element identified by `locator`.</doc>
<msg timestamp="20250226 13:21:20.480" level="INFO">Clicking element 'accessibility_id=button-sign-up-container'.</msg>
<status status="PASS" starttime="20250226 13:21:20.477" endtime="20250226 13:21:21.406"/>
</kw>
<status status="PASS" starttime="20250226 13:21:20.476" endtime="20250226 13:21:21.407"/>
</kw>
<status status="PASS" starttime="20250226 13:21:19.786" endtime="20250226 13:21:21.407"/>
</kw>
<status status="PASS" starttime="20250226 13:21:19.785" endtime="20250226 13:21:21.407"/>
</kw>
<kw name="Get Random Email Address" library="CommonPo">
<var>${emailAddress}</var>
<doc>Return random email address</doc>
<kw name="Get Random Text" library="CommonPo">
<var>${randomText}</var>
<doc>Return random text value</doc>
<kw name="Generate Random String" library="String">
<var>${randomText}</var>
<arg>8</arg>
<arg>[LETTERS]</arg>
<doc>Generates a string with a desired ``length`` from the given ``chars``.</doc>
<msg timestamp="20250226 13:21:21.409" level="INFO">${randomText} = CbAbpYPK</msg>
<status status="PASS" starttime="20250226 13:21:21.408" endtime="20250226 13:21:21.409"/>
</kw>
<kw name="Return From Keyword" library="BuiltIn">
<arg>${randomText}</arg>
<doc>Returns from the enclosing user keyword.</doc>
<msg timestamp="20250226 13:21:21.409" level="INFO">Returning from the enclosing user keyword.</msg>
<status status="PASS" starttime="20250226 13:21:21.409" endtime="20250226 13:21:21.410"/>
</kw>
<msg timestamp="20250226 13:21:21.410" level="INFO">${randomText} = CbAbpYPK</msg>
<status status="PASS" starttime="20250226 13:21:21.408" endtime="20250226 13:21:21.410"/>
</kw>
<kw name="Set Variable" library="BuiltIn">
<var>${randomEmailAddress}</var>
<arg>${randomText}@mailinator.com</arg>
<doc>Returns the given values which can then be assigned to a variables.</doc>
<msg timestamp="20250226 13:21:21.411" level="INFO">${randomEmailAddress} = CbAbpYPK@mailinator.com</msg>
<status status="PASS" starttime="20250226 13:21:21.411" endtime="20250226 13:21:21.411"/>
</kw>
<kw name="Return From Keyword" library="BuiltIn">
<arg>${randomEmailAddress}</arg>
<doc>Returns from the enclosing user keyword.</doc>
<msg timestamp="20250226 13:21:21.411" level="INFO">Returning from the enclosing user keyword.</msg>
<status status="PASS" starttime="20250226 13:21:21.411" endtime="20250226 13:21:21.411"/>
</kw>
<msg timestamp="20250226 13:21:21.412" level="INFO">${emailAddress} = CbAbpYPK@mailinator.com</msg>
<status status="PASS" starttime="20250226 13:21:21.408" endtime="20250226 13:21:21.412"/>
</kw>
<kw name="Sign Up To The Application [Arguments] ${emailAddress} ${PASSWORD} ${PASSWORD}" library="LoginScreenPo" sourcename="Sign Up To The Application [Arguments] ${emailAddress} ${password} ${confirmPassword}">
<kw name="Input Email Address [Arguments] ${emailAddress}" library="LoginScreenPo" sourcename="Input Email Address [Arguments] ${emailAddress}">
<kw name="Input Text [Arguments] ${emailAddressTextbox} ${emailAddress} ${SMALL_RETRY_COUNT}" library="CommonPo" sourcename="Input Text [Arguments] ${textBoxLocator} ${text} ${retryScale}">
<doc>Input text into a text box</doc>
<kw name="Wait Until Keyword Succeeds" library="BuiltIn">
<arg>${retryScale}</arg>
<arg>${RETRY_DELAY}</arg>
<arg>Wait Until Element Is Visible</arg>
<arg>${textBoxLocator}</arg>
<doc>Runs the specified keyword and retries if it fails.</doc>
<kw name="Wait Until Element Is Visible" library="AppiumLibrary">
<arg>${textBoxLocator}</arg>
<doc>Waits until element specified with `locator` is visible.</doc>
<status status="PASS" starttime="20250226 13:21:21.414" endtime="20250226 13:21:21.671"/>
</kw>
<status status="PASS" starttime="20250226 13:21:21.413" endtime="20250226 13:21:21.671"/>
</kw>
<kw name="Wait Until Keyword Succeeds" library="BuiltIn">
<arg>${retryScale}</arg>
<arg>${RETRY_DELAY}</arg>
<arg>Input Text</arg>
<arg>${textBoxLocator}</arg>
<arg>${text}</arg>
<doc>Runs the specified keyword and retries if it fails.</doc>
<kw name="Input Text" library="AppiumLibrary">
<arg>${textBoxLocator}</arg>
<arg>${text}</arg>
<doc>Types the given `text` into text field identified by `locator`.</doc>
<msg timestamp="20250226 13:21:21.675" level="INFO">Typing text 'CbAbpYPK@mailinator.com' into text field 'accessibility_id=input-email'</msg>
<status status="PASS" starttime="20250226 13:21:21.672" endtime="20250226 13:21:22.246"/>
</kw>
<status status="PASS" starttime="20250226 13:21:21.671" endtime="20250226 13:21:22.247"/>
</kw>
<status status="PASS" starttime="20250226 13:21:21.413" endtime="20250226 13:21:22.247"/>
</kw>
<status status="PASS" starttime="20250226 13:21:21.413" endtime="20250226 13:21:22.248"/>
</kw>
<kw name="Input Password [Arguments] ${password}" library="LoginScreenPo" sourcename="Input Password [Arguments] ${password}">
<kw name="Input Text [Arguments] ${passwordTextbox} ${password} ${SMALL_RETRY_COUNT}" library="CommonPo" sourcename="Input Text [Arguments] ${textBoxLocator} ${text} ${retryScale}">
<doc>Input text into a text box</doc>
<kw name="Wait Until Keyword Succeeds" library="BuiltIn">
<arg>${retryScale}</arg>
<arg>${RETRY_DELAY}</arg>
<arg>Wait Until Element Is Visible</arg>
<arg>${textBoxLocator}</arg>
<doc>Runs the specified keyword and retries if it fails.</doc>
<kw name="Wait Until Element Is Visible" library="AppiumLibrary">
<arg>${textBoxLocator}</arg>
<doc>Waits until element specified with `locator` is visible.</doc>
<status status="PASS" starttime="20250226 13:21:22.250" endtime="20250226 13:21:22.913"/>
</kw>
<status status="PASS" starttime="20250226 13:21:22.250" endtime="20250226 13:21:22.913"/>
</kw>
<kw name="Wait Until Keyword Succeeds" library="BuiltIn">
<arg>${retryScale}</arg>
<arg>${RETRY_DELAY}</arg>
<arg>Input Text</arg>
<arg>${textBoxLocator}</arg>
<arg>${text}</arg>
<doc>Runs the specified keyword and retries if it fails.</doc>
<kw name="Input Text" library="AppiumLibrary">
<arg>${textBoxLocator}</arg>
<arg>${text}</arg>
<doc>Types the given `text` into text field identified by `locator`.</doc>
<msg timestamp="20250226 13:21:22.917" level="INFO">Typing text 'osanda@SL' into text field 'accessibility_id=input-password'</msg>
<status status="PASS" starttime="20250226 13:21:22.914" endtime="20250226 13:21:23.483"/>
</kw>
<status status="PASS" starttime="20250226 13:21:22.913" endtime="20250226 13:21:23.483"/>
</kw>
<status status="PASS" starttime="20250226 13:21:22.249" endtime="20250226 13:21:23.484"/>
</kw>
<status status="PASS" starttime="20250226 13:21:22.248" endtime="20250226 13:21:23.484"/>
</kw>
<kw name="Input Confirm Password [Arguments] ${confirmPassword}" library="LoginScreenPo" sourcename="Input Confirm Password [Arguments] ${confirmPassword}">
<kw name="Input Text [Arguments] ${confirmPasswordTextbox} ${confirmPassword} ${SMALL_RETRY_COUNT}" library="CommonPo" sourcename="Input Text [Arguments] ${textBoxLocator} ${text} ${retryScale}">
<doc>Input text into a text box</doc>
<kw name="Wait Until Keyword Succeeds" library="BuiltIn">
<arg>${retryScale}</arg>
<arg>${RETRY_DELAY}</arg>
<arg>Wait Until Element Is Visible</arg>
<arg>${textBoxLocator}</arg>
<doc>Runs the specified keyword and retries if it fails.</doc>
<kw name="Wait Until Element Is Visible" library="AppiumLibrary">
<arg>${textBoxLocator}</arg>
<doc>Waits until element specified with `locator` is visible.</doc>
<status status="PASS" starttime="20250226 13:21:23.486" endtime="20250226 13:21:24.128"/>
</kw>
<status status="PASS" starttime="20250226 13:21:23.486" endtime="20250226 13:21:24.129"/>
</kw>
<kw name="Wait Until Keyword Succeeds" library="BuiltIn">
<arg>${retryScale}</arg>
<arg>${RETRY_DELAY}</arg>
<arg>Input Text</arg>
<arg>${textBoxLocator}</arg>
<arg>${text}</arg>
<doc>Runs the specified keyword and retries if it fails.</doc>
<kw name="Input Text" library="AppiumLibrary">
<arg>${textBoxLocator}</arg>
<arg>${text}</arg>
<doc>Types the given `text` into text field identified by `locator`.</doc>
<msg timestamp="20250226 13:21:24.148" level="INFO">Typing text 'osanda@SL' into text field 'accessibility_id=input-repeat-password'</msg>
<status status="PASS" starttime="20250226 13:21:24.131" endtime="20250226 13:21:24.241"/>
</kw>
<status status="PASS" starttime="20250226 13:21:24.129" endtime="20250226 13:21:24.241"/>
</kw>
<status status="PASS" starttime="20250226 13:21:23.485" endtime="20250226 13:21:24.241"/>
</kw>
<status status="PASS" starttime="20250226 13:21:23.484" endtime="20250226 13:21:24.241"/>
</kw>
<kw name="Click On The 'SIGN UP' Button" library="LoginScreenPo">
<kw name="Click Element [Arguments] ${signupButton} ${SMALL_RETRY_COUNT}" library="CommonPo" sourcename="Click Element [Arguments] ${locator} ${retryScale}">
<doc>Click on a given button</doc>
<kw name="Wait Until Keyword Succeeds" library="BuiltIn">
<arg>${retryScale}</arg>
<arg>${RETRY_DELAY}</arg>
<arg>Wait Until Element Is Visible</arg>
<arg>${locator}</arg>
<doc>Runs the specified keyword and retries if it fails.</doc>
<kw name="Wait Until Element Is Visible" library="AppiumLibrary">
<arg>${locator}</arg>
<doc>Waits until element specified with `locator` is visible.</doc>
<status status="PASS" starttime="20250226 13:21:24.245" endtime="20250226 13:21:24.892"/>
</kw>
<status status="PASS" starttime="20250226 13:21:24.245" endtime="20250226 13:21:24.892"/>
</kw>
<kw name="Wait Until Keyword Succeeds" library="BuiltIn">
<arg>${retryScale}</arg>
<arg>${RETRY_DELAY}</arg>
<arg>Click Element</arg>
<arg>${locator}</arg>
<doc>Runs the specified keyword and retries if it fails.</doc>
<kw name="Click Element" library="AppiumLibrary">
<arg>${locator}</arg>
<doc>Click element identified by `locator`.</doc>
<msg timestamp="20250226 13:21:24.897" level="INFO">Clicking element 'accessibility_id=button-SIGN UP'.</msg>
<status status="PASS" starttime="20250226 13:21:24.894" endtime="20250226 13:21:25.021"/>
</kw>
<status status="PASS" starttime="20250226 13:21:24.893" endtime="20250226 13:21:25.021"/>
</kw>
<status status="PASS" starttime="20250226 13:21:24.244" endtime="20250226 13:21:25.021"/>
</kw>
<status status="PASS" starttime="20250226 13:21:24.242" endtime="20250226 13:21:25.022"/>
</kw>
<status status="PASS" starttime="20250226 13:21:21.412" endtime="20250226 13:21:25.022"/>
</kw>
<kw name="Alert Title Should Be [Arguments] ${SIGNED_UP_SUCCESS_ALERT_TITLE}" library="CommonPo" sourcename="Alert Title Should Be [Arguments] ${alertTitle}">
<doc>Validate the text of the alert title</doc>
<kw name="Set Variable" library="BuiltIn">
<var>${androidAlertTitleLocator}</var>
<arg>id=android:id/alertTitle</arg>
<doc>Returns the given values which can then be assigned to a variables.</doc>
<msg timestamp="20250226 13:21:25.023" level="INFO">${androidAlertTitleLocator} = id=android:id/alertTitle</msg>
<status status="PASS" starttime="20250226 13:21:25.023" endtime="20250226 13:21:25.023"/>
</kw>
<kw name="Run Keyword If" library="BuiltIn">
<arg>'${PLATFORM_NAME}' == '${ANDROID_PLATFORM_NAME}'</arg>
<arg>Element Text Should Be [Arguments] ${androidAlertTitleLocator} ${alertTitle} ${SMALL_RETRY_COUNT}</arg>
<doc>Runs the given keyword with the given arguments, if ``condition`` is true.</doc>
<kw name="Element Text Should Be [Arguments] id=android:id/alertTitle Signed Up! 2x" library="CommonPo" sourcename="Element Text Should Be [Arguments] ${locator} ${text} ${retryScale}">
<doc>Validate the text of an element</doc>
<kw name="Wait Until Keyword Succeeds" library="BuiltIn">
<arg>${retryScale}</arg>
<arg>${RETRY_DELAY}</arg>
<arg>Wait Until Element Is Visible</arg>
<arg>${locator}</arg>
<doc>Runs the specified keyword and retries if it fails.</doc>
<msg timestamp="20250226 13:21:25.025" level="FAIL">'up!2' cannot be converted to an integer: ValueError: invalid literal for int() with base 10: 'up!2'</msg>
<status status="FAIL" starttime="20250226 13:21:25.024" endtime="20250226 13:21:25.027"/>
</kw>
<kw name="Wait Until Keyword Succeeds" library="BuiltIn">
<arg>${retryScale}</arg>
<arg>${RETRY_DELAY}</arg>
<arg>Element Text Should Be</arg>
<arg>${locator}</arg>
<arg>${text}</arg>
<doc>Runs the specified keyword and retries if it fails.</doc>
<status status="NOT RUN" starttime="20250226 13:21:25.029" endtime="20250226 13:21:25.029"/>
</kw>
<status status="FAIL" starttime="20250226 13:21:25.024" endtime="20250226 13:21:25.029"/>
</kw>
<status status="FAIL" starttime="20250226 13:21:25.023" endtime="20250226 13:21:25.030"/>
</kw>
<kw name="Set Variable" library="BuiltIn">
<var>${iosAlertTitleLocator}</var>
<arg>accessibility_id=${alertTitle}</arg>
<doc>Returns the given values which can then be assigned to a variables.</doc>
<status status="NOT RUN" starttime="20250226 13:21:25.030" endtime="20250226 13:21:25.030"/>
</kw>
<kw name="Run Keyword If" library="BuiltIn">
<arg>'${PLATFORM_NAME}' == '${IOS_PLATFORM_NAME}'</arg>
<arg>Element Should Be Visible [Arguments] ${iosAlertTitleLocator} ${SMALL_RETRY_COUNT}</arg>
<doc>Runs the given keyword with the given arguments, if ``condition`` is true.</doc>
<status status="NOT RUN" starttime="20250226 13:21:25.030" endtime="20250226 13:21:25.030"/>
</kw>
<status status="FAIL" starttime="20250226 13:21:25.022" endtime="20250226 13:21:25.031"/>
</kw>
<kw name="Alert Message Should Be [Arguments] ${SIGNED_UP_SUCCESS_ALERT_MESSAGE}" library="CommonPo" sourcename="Alert Message Should Be [Arguments] ${alertMessage}">
<doc>Validate the text of the alert message</doc>
<status status="NOT RUN" starttime="20250226 13:21:25.031" endtime="20250226 13:21:25.031"/>
</kw>
<kw name="Close Application" library="AppiumLibrary" type="TEARDOWN">
<doc>Closes the current application and also close webdriver session.</doc>
<status status="PASS" starttime="20250226 13:21:25.032" endtime="20250226 13:21:25.243"/>
</kw>
<tag>Smoke</tag>
<status status="FAIL" starttime="20250226 13:21:15.392" endtime="20250226 13:21:25.244">'up!2' cannot be converted to an integer: ValueError: invalid literal for int() with base 10: 'up!2'</status>
</test>
<status status="FAIL" starttime="20250226 13:21:15.295" endtime="20250226 13:21:25.245"/>
</suite>
<doc>[https://pabot.org/?ref=log|Pabot] result from 2 executions.</doc>
<status status="FAIL" starttime="20250226 13:21:04.442" endtime="20250226 13:21:25.247"/>
</suite>
<statistics>
<total>
<stat pass="1" fail="1" skip="0">All Tests</stat>
</total>
<tag>
<stat pass="1" fail="1" skip="0">Smoke</stat>
</tag>
<suite>
<stat pass="1" fail="1" skip="0" id="s1" name="Test-Cases">Test-Cases</stat>
<stat pass="1" fail="0" skip="0" id="s1-s1" name="Login-Test">Test-Cases.Login-Test</stat>
<stat pass="0" fail="1" skip="0" id="s1-s2" name="Signup-Test">Test-Cases.Signup-Test</stat>
</suite>
</statistics>
<errors>
</errors>
</robot>
